2025.03.01 14:21:14 INFO  no build target found for /home/lenny/server/computer-science/11-programming paradigms/textbooks/chapter-2/pa.scala. Using presentation compiler with project's scala-library version: 3.3.4[0m
2025.03.01 14:21:15 INFO  no build target found for /home/lenny/server/computer-science/11-programming paradigms/textbooks/chapter-2/pa.scala. Using presentation compiler with project's scala-library version: 3.3.4[0m
Mar 01, 2025 2:21:23 PM org.eclipse.lsp4j.jsonrpc.RemoteEndpoint handleCancellation
WARNING: Unmatched cancel notification for request id 2
2025.03.01 14:21:23 INFO  no build target found for /home/lenny/server/computer-science/11-programming paradigms/textbooks/chapter-2/pa.scala. Using presentation compiler with project's scala-library version: 3.3.4[0m
2025.03.01 14:21:23 WARN  no build target for: /home/lenny/server/computer-science/11-programming paradigms/textbooks/chapter-2/pa.scala[0m
2025.03.01 14:21:23 INFO  Shutting down server[0m
2025.03.01 14:21:23 INFO  shutting down Metals[0m
2025.03.01 14:21:23 INFO  no build target found for /home/lenny/server/computer-science/11-programming paradigms/textbooks/chapter-2/pa.scala. Using presentation compiler with project's scala-library version: 3.3.4[0m
2025.03.01 14:21:24 WARN  Could not find semantic tokens for: file:///home/lenny/server/computer-science/11-programming%20paradigms/textbooks/chapter-2/pa.scala[0m
2025.03.02 13:22:37 INFO  Started: Metals version 1.5.1 in folders '/home/lenny/server/computer-science' for client Neovim 0.10.4+v0.10.4.[0m
2025.03.02 13:22:38 INFO  no build target found for /home/lenny/server/computer-science/11-programming paradigms/hello.scala. Using presentation compiler with project's scala-library version: 3.3.4[0m
2025.03.02 13:22:39 INFO  no build target found for /home/lenny/server/computer-science/11-programming paradigms/hello.scala. Using presentation compiler with project's scala-library version: 3.3.4[0m
2025.03.02 13:22:39 INFO  no build target found for /home/lenny/server/computer-science/11-programming paradigms/hello.scala. Using presentation compiler with project's scala-library version: 3.3.4[0m
2025.03.02 13:22:41 WARN  no build target for: /home/lenny/server/computer-science/11-programming paradigms/hello.scala[0m
2025.03.02 13:22:41 INFO  Shutting down server[0m
2025.03.02 13:22:41 INFO  shutting down Metals[0m
2025.03.02 13:22:41 INFO  no build target found for /home/lenny/server/computer-science/11-programming paradigms/hello.scala. Using presentation compiler with project's scala-library version: 3.3.4[0m
2025.03.02 13:22:42 INFO  Running List(/usr/bin/scala-cli, setup-ide, /home/lenny/server/computer-science)[0m
2025.03.02 13:22:42 INFO  Attempting to connect to the build server...[0m
2025.03.02 13:22:42 INFO  Running BSP server List(/usr/bin/scala-cli, bsp, --json-options, /home/lenny/server/computer-science/.scala-build/ide-options-v2.json, --json-launcher-options, /home/lenny/server/computer-science/.scala-build/ide-launcher-options.json, --envs-file, /home/lenny/server/computer-science/.scala-build/ide-envs.json, /home/lenny/server/computer-science)[0m
2025.03.02 13:22:42 INFO  tracing is disabled for protocol BSP, to enable tracing of incoming and outgoing JSON messages create an empty file at /home/lenny/server/computer-science/.metals/bsp.trace.json or /home/lenny/.cache/metals/bsp.trace.json[0m
java.util.concurrent.RejectedExecutionException: Task Future(<not completed>) rejected from java.util.concurrent.ThreadPoolExecutor@1b989e0[Shutting down, pool size = 4, active threads = 4, queued tasks = 0, completed tasks = 80]
	at java.base/java.util.concurrent.ThreadPoolExecutor$AbortPolicy.rejectedExecution(ThreadPoolExecutor.java:2065)
	at java.base/java.util.concurrent.ThreadPoolExecutor.reject(ThreadPoolExecutor.java:833)
	at java.base/java.util.concurrent.ThreadPoolExecutor.execute(ThreadPoolExecutor.java:1365)
	at scala.concurrent.impl.ExecutionContextImpl.execute(ExecutionContextImpl.scala:21)
	at scala.concurrent.impl.Promise$Transformation.submitWithValue(Promise.scala:429)
	at scala.concurrent.impl.Promise$DefaultPromise.submitWithValue(Promise.scala:338)
	at scala.concurrent.impl.Promise$DefaultPromise.tryComplete0(Promise.scala:285)
	at scala.concurrent.impl.Promise$Transformation.handleFailure(Promise.scala:444)
	at scala.concurrent.impl.Promise$Transformation.submitWithValue(Promise.scala:435)
	at scala.concurrent.impl.Promise$DefaultPromise.submitWithValue(Promise.scala:338)
	at scala.concurrent.impl.Promise$DefaultPromise.tryComplete0(Promise.scala:285)
	at scala.concurrent.impl.Promise$Transformation.handleFailure(Promise.scala:444)
	at scala.concurrent.impl.Promise$Transformation.run(Promise.scala:506)
	at java.base/java.util.concurrent.ThreadPoolExecutor.runWorker(ThreadPoolExecutor.java:1136)
	at java.base/java.util.concurrent.ThreadPoolExecutor$Worker.run(ThreadPoolExecutor.java:635)
	at java.base/java.lang.Thread.run(Thread.java:840)
java.util.concurrent.RejectedExecutionException: Task Future(<not completed>) rejected from java.util.concurrent.ThreadPoolExecutor@1b989e0[Shutting down, pool size = 4, active threads = 4, queued tasks = 0, completed tasks = 80]
	at java.base/java.util.concurrent.ThreadPoolExecutor$AbortPolicy.rejectedExecution(ThreadPoolExecutor.java:2065)
	at java.base/java.util.concurrent.ThreadPoolExecutor.reject(ThreadPoolExecutor.java:833)
	at java.base/java.util.concurrent.ThreadPoolExecutor.execute(ThreadPoolExecutor.java:1365)
	at scala.concurrent.impl.ExecutionContextImpl.execute(ExecutionContextImpl.scala:21)
	at scala.concurrent.impl.Promise$Transformation.submitWithValue(Promise.scala:429)
	at scala.concurrent.impl.Promise$DefaultPromise.submitWithValue(Promise.scala:338)
	at scala.concurrent.impl.Promise$DefaultPromise.tryComplete0(Promise.scala:285)
	at scala.concurrent.impl.Promise$Transformation.handleFailure(Promise.scala:444)
	at scala.concurrent.impl.Promise$Transformation.submitWithValue(Promise.scala:435)
	at scala.concurrent.impl.Promise$DefaultPromise.submitWithValue(Promise.scala:338)
	at scala.concurrent.impl.Promise$DefaultPromise.tryComplete0(Promise.scala:285)
	at scala.concurrent.impl.Promise$Transformation.handleFailure(Promise.scala:444)
	at scala.concurrent.impl.Promise$Transformation.submitWithValue(Promise.scala:435)
	at scala.concurrent.impl.Promise$DefaultPromise.submitWithValue(Promise.scala:338)
	at scala.concurrent.impl.Promise$DefaultPromise.tryComplete0(Promise.scala:285)
	at scala.concurrent.impl.Promise$Transformation.handleFailure(Promise.scala:444)
	at scala.concurrent.impl.Promise$Transformation.submitWithValue(Promise.scala:435)
	at scala.concurrent.impl.Promise$DefaultPromise.submitWithValue(Promise.scala:338)
	at scala.concurrent.impl.Promise$DefaultPromise.tryComplete0(Promise.scala:285)
	at scala.concurrent.impl.Promise$Transformation.handleFailure(Promise.scala:444)
	at scala.concurrent.impl.Promise$Transformation.submitWithValue(Promise.scala:435)
	at scala.concurrent.impl.Promise$DefaultPromise.submitWithValue(Promise.scala:338)
	at scala.concurrent.impl.Promise$DefaultPromise.tryComplete0(Promise.scala:285)
	at scala.concurrent.impl.Promise$Transformation.handleFailure(Promise.scala:444)
	at scala.concurrent.impl.Promise$Transformation.submitWithValue(Promise.scala:435)
	at scala.concurrent.impl.Promise$DefaultPromise.submitWithValue(Promise.scala:338)
	at scala.concurrent.impl.Promise$DefaultPromise.tryComplete0(Promise.scala:285)
	at scala.concurrent.impl.Promise$Transformation.handleFailure(Promise.scala:444)
	at scala.concurrent.impl.Promise$Transformation.submitWithValue(Promise.scala:435)
	at scala.concurrent.impl.Promise$DefaultPromise.submitWithValue(Promise.scala:338)
	at scala.concurrent.impl.Promise$DefaultPromise.tryComplete0(Promise.scala:285)
	at scala.concurrent.impl.Promise$Transformation.handleFailure(Promise.scala:444)
	at scala.concurrent.impl.Promise$Transformation.submitWithValue(Promise.scala:435)
	at scala.concurrent.impl.Promise$DefaultPromise.submitWithValue(Promise.scala:338)
	at scala.concurrent.impl.Promise$DefaultPromise.tryComplete0(Promise.scala:285)
	at scala.concurrent.impl.Promise$Transformation.handleFailure(Promise.scala:444)
	at scala.concurrent.impl.Promise$Transformation.submitWithValue(Promise.scala:435)
	at scala.concurrent.impl.Promise$DefaultPromise.submitWithValue(Promise.scala:338)
	at scala.concurrent.impl.Promise$DefaultPromise.tryComplete0(Promise.scala:285)
	at scala.concurrent.impl.Promise$Transformation.handleFailure(Promise.scala:444)
	at scala.concurrent.impl.Promise$Transformation.submitWithValue(Promise.scala:435)
	at scala.concurrent.impl.Promise$DefaultPromise.submitWithValue(Promise.scala:338)
	at scala.concurrent.impl.Promise$DefaultPromise.tryComplete0(Promise.scala:285)
	at scala.concurrent.impl.Promise$Transformation.handleFailure(Promise.scala:444)
	at scala.concurrent.impl.Promise$Transformation.submitWithValue(Promise.scala:435)
	at scala.concurrent.impl.Promise$DefaultPromise.submitWithValue(Promise.scala:338)
	at scala.concurrent.impl.Promise$DefaultPromise.tryComplete0(Promise.scala:285)
	at scala.concurrent.impl.Promise$Transformation.handleFailure(Promise.scala:444)
	at scala.concurrent.impl.Promise$Transformation.submitWithValue(Promise.scala:435)
	at scala.concurrent.impl.Promise$DefaultPromise.submitWithValue(Promise.scala:338)
	at scala.concurrent.impl.Promise$DefaultPromise.tryComplete0(Promise.scala:285)
	at scala.concurrent.impl.Promise$Transformation.handleFailure(Promise.scala:444)
	at scala.concurrent.impl.Promise$Transformation.submitWithValue(Promise.scala:435)
	at scala.concurrent.impl.Promise$DefaultPromise.submitWithValue(Promise.scala:338)
	at scala.concurrent.impl.Promise$DefaultPromise.tryComplete0(Promise.scala:285)
	at scala.concurrent.impl.Promise$Transformation.handleFailure(Promise.scala:444)
	at scala.concurrent.impl.Promise$Transformation.submitWithValue(Promise.scala:435)
	at scala.concurrent.impl.Promise$DefaultPromise.submitWithValue(Promise.scala:338)
	at scala.concurrent.impl.Promise$DefaultPromise.tryComplete0(Promise.scala:285)
	at scala.concurrent.impl.Promise$Transformation.handleFailure(Promise.scala:444)
	at scala.concurrent.impl.Promise$Transformation.submitWithValue(Promise.scala:435)
	at scala.concurrent.impl.Promise$DefaultPromise.submitWithValue(Promise.scala:338)
	at scala.concurrent.impl.Promise$DefaultPromise.tryComplete0(Promise.scala:285)
	at scala.concurrent.impl.Promise$Transformation.handleFailure(Promise.scala:444)
	at scala.concurrent.impl.Promise$Transformation.run(Promise.scala:506)
	at java.base/java.util.concurrent.ThreadPoolExecutor.runWorker(ThreadPoolExecutor.java:1136)
	at java.base/java.util.concurrent.ThreadPoolExecutor$Worker.run(ThreadPoolExecutor.java:635)
	at java.base/java.lang.Thread.run(Thread.java:840)
2025.03.02 13:23:08 INFO  Started: Metals version 1.5.1 in folders '/home/lenny/server/computer-science' for client Neovim 0.10.4+v0.10.4.[0m
2025.03.02 13:23:09 INFO  no build target found for /home/lenny/server/computer-science/11-programming paradigms/hello.scala. Using presentation compiler with project's scala-library version: 3.3.4[0m
2025.03.02 13:23:09 INFO  Attempting to connect to the build server...[0m
2025.03.02 13:23:09 INFO  Running BSP server List(/usr/bin/scala-cli, bsp, --json-options, /home/lenny/server/computer-science/.scala-build/ide-options-v2.json, --json-launcher-options, /home/lenny/server/computer-science/.scala-build/ide-launcher-options.json, --envs-file, /home/lenny/server/computer-science/.scala-build/ide-envs.json, /home/lenny/server/computer-science)[0m
2025.03.02 13:23:09 INFO  tracing is disabled for protocol BSP, to enable tracing of incoming and outgoing JSON messages create an empty file at /home/lenny/server/computer-science/.metals/bsp.trace.json or /home/lenny/.cache/metals/bsp.trace.json[0m
2025.03.02 13:23:09 INFO  time: Connected to build server in 0.49s[0m
2025.03.02 13:23:09 INFO  Connected to Build server: scala-cli v1.5.0[0m
2025.03.02 13:23:10 INFO  running doctor check[0m
2025.03.02 13:23:10 INFO  java targets: computer-science_f4dd477a3a-test, computer-science_f4dd477a3a[0m
2025.03.02 13:23:09 INFO  compiling computer-science_f4dd477a3a (8 scala sources)[0m
2025.03.02 13:23:09 INFO  time: compiled computer-science_f4dd477a3a in 0.15s[0m
2025.03.02 13:23:09 INFO  compiling computer-science_f4dd477a3a (8 scala sources)[0m
2025.03.02 13:23:09 INFO  time: compiled computer-science_f4dd477a3a in 0.12s[0m
Mar 02, 2025 1:23:20 PM org.eclipse.lsp4j.jsonrpc.RemoteEndpoint handleCancellation
WARNING: Unmatched cancel notification for request id 2
Exception in thread "pool-6-thread-1" java.lang.InterruptedException
	at scala.meta.internal.metals.FutureCancelToken.checkCanceled(FutureCancelToken.scala:29)
	at scala.meta.internal.pc.CompilerAccess.onCompilerJobQueue$$anonfun$1(CompilerAccess.scala:244)
	at scala.meta.internal.pc.CompilerJobQueue$Job.run(CompilerJobQueue.scala:153)
	at java.base/java.util.concurrent.ThreadPoolExecutor.runWorker(ThreadPoolExecutor.java:1136)
	at java.base/java.util.concurrent.ThreadPoolExecutor$Worker.run(ThreadPoolExecutor.java:635)
	at java.base/java.lang.Thread.run(Thread.java:840)
Mar 02, 2025 1:23:20 PM org.eclipse.lsp4j.jsonrpc.RemoteEndpoint handleNotification
WARNING: Notification threw an exception: {
  "jsonrpc": "2.0",
  "method": "textDocument/didChange",
  "params": {
    "textDocument": {
      "version": 7,
      "uri": "file:///home/lenny/server/computer-science/11-programming%20paradigms/hello.scala"
    },
    "contentChanges": [
      {
        "text": "\n  println(\"hello\")\n"
      }
    ]
  }
}
java.lang.IllegalArgumentException: -1 is not a valid offset, allowed [0..20]
	at scala.meta.internal.inputs.InternalInput.offsetToLine(InternalInput.scala:54)
	at scala.meta.internal.inputs.InternalInput.offsetToLine$(InternalInput.scala:48)
	at scala.meta.inputs.Input$VirtualFile.offsetToLine(Input.scala:105)
	at scala.meta.inputs.Position$Range.startLine$lzycompute(Position.scala:45)
	at scala.meta.inputs.Position$Range.startLine(Position.scala:45)
	at scala.meta.internal.mtags.ScalametaCommonEnrichments$XtensionMetaPosition.toLsp(ScalametaCommonEnrichments.scala:80)
	at scala.meta.internal.parsing.TokenEditDistance$Diff.$anonfun$toRevised$8(TokenEditDistance.scala:310)
	at scala.Option.flatMap(Option.scala:283)
	at scala.meta.internal.parsing.TokenEditDistance$Diff.toRevised(TokenEditDistance.scala:241)
	at scala.meta.internal.metals.Diagnostics.toFreshDiagnostic(Diagnostics.scala:320)
	at scala.meta.internal.metals.Diagnostics.$anonfun$publishDiagnostics$2(Diagnostics.scala:276)
	at scala.meta.internal.metals.Diagnostics.$anonfun$publishDiagnostics$2$adapted(Diagnostics.scala:275)
	at scala.collection.IterableOnceOps.foreach(IterableOnce.scala:619)
	at scala.collection.IterableOnceOps.foreach$(IterableOnce.scala:617)
	at scala.collection.AbstractIterable.foreach(Iterable.scala:935)
	at scala.meta.internal.metals.Diagnostics.publishDiagnostics(Diagnostics.scala:275)
	at scala.meta.internal.metals.Diagnostics.publishDiagnostics(Diagnostics.scala:240)
	at scala.meta.internal.metals.Diagnostics.didChange(Diagnostics.scala:153)
	at scala.meta.internal.metals.MetalsLspService.didChange(MetalsLspService.scala:848)
	at scala.meta.internal.metals.ProjectMetalsLspService.didChange(ProjectMetalsLspService.scala:208)
	at scala.meta.internal.metals.WorkspaceLspService.didChange(WorkspaceLspService.scala:417)
	at scala.meta.metals.lsp.DelegatingScalaService.didChange(DelegatingScalaService.scala:46)
	at java.base/jdk.internal.reflect.NativeMethodAccessorImpl.invoke0(Native Method)
	at java.base/jdk.internal.reflect.NativeMethodAccessorImpl.invoke(NativeMethodAccessorImpl.java:77)
	at java.base/jdk.internal.reflect.DelegatingMethodAccessorImpl.invoke(DelegatingMethodAccessorImpl.java:43)
	at java.base/java.lang.reflect.Method.invoke(Method.java:569)
	at org.eclipse.lsp4j.jsonrpc.services.GenericEndpoint.lambda$recursiveFindRpcMethods$0(GenericEndpoint.java:65)
	at org.eclipse.lsp4j.jsonrpc.services.GenericEndpoint.notify(GenericEndpoint.java:160)
	at org.eclipse.lsp4j.jsonrpc.RemoteEndpoint.handleNotification(RemoteEndpoint.java:231)
	at org.eclipse.lsp4j.jsonrpc.RemoteEndpoint.consume(RemoteEndpoint.java:198)
	at org.eclipse.lsp4j.jsonrpc.json.StreamMessageProducer.handleMessage(StreamMessageProducer.java:185)
	at org.eclipse.lsp4j.jsonrpc.json.StreamMessageProducer.listen(StreamMessageProducer.java:97)
	at org.eclipse.lsp4j.jsonrpc.json.ConcurrentMessageProcessor.run(ConcurrentMessageProcessor.java:114)
	at java.base/java.util.concurrent.Executors$RunnableAdapter.call(Executors.java:539)
	at java.base/java.util.concurrent.FutureTask.run(FutureTask.java:264)
	at java.base/java.util.concurrent.ThreadPoolExecutor.runWorker(ThreadPoolExecutor.java:1136)
	at java.base/java.util.concurrent.ThreadPoolExecutor$Worker.run(ThreadPoolExecutor.java:635)
	at java.base/java.lang.Thread.run(Thread.java:840)

2025.03.02 13:23:21 WARN  Could not find java sources in /usr/lib/jvm/src.zip, /usr/lib/jvm/lib/src.zip, /usr/lib/jvm/java-17-openjdk/src.zip, /usr/lib/jvm/java-17-openjdk/lib/src.zip. Java symbols will not be available.[0m
2025.03.02 13:23:22 WARN  Could not find java sources in /usr/lib/jvm/src.zip, /usr/lib/jvm/lib/src.zip, /usr/lib/jvm/java-17-openjdk/src.zip, /usr/lib/jvm/java-17-openjdk/lib/src.zip. Java symbols will not be available.[0m
2025.03.02 13:23:22 INFO  time: indexed workspace in 12s[0m
2025.03.02 13:23:23 INFO  compiling computer-science_f4dd477a3a (8 scala sources)[0m
2025.03.02 13:23:23 INFO  time: compiled computer-science_f4dd477a3a in 87ms[0m
2025.03.02 13:23:25 INFO  compiling computer-science_f4dd477a3a (8 scala sources)[0m
2025.03.02 13:23:25 INFO  time: compiled computer-science_f4dd477a3a in 93ms[0m
2025.03.02 13:23:36 INFO  compiling computer-science_f4dd477a3a (8 scala sources)[0m
2025.03.02 13:23:36 INFO  Deduplicating compilation of computer-science_f4dd477a3a from bsp client 'scala-cli 1.5.0' (since 26.445s)[0m
2025.03.02 13:23:36 INFO  compiling computer-science_f4dd477a3a (8 scala sources)[0m
2025.03.02 13:23:36 INFO  time: compiled computer-science_f4dd477a3a in 32ms[0m
2025.03.02 13:23:36 INFO  compiling computer-science_f4dd477a3a (8 scala sources)[0m
2025.03.02 13:23:36 INFO  Deduplicating compilation of computer-science_f4dd477a3a from bsp client 'scala-cli 1.5.0' (since 26.586s)[0m
2025.03.02 13:23:36 INFO  compiling computer-science_f4dd477a3a (8 scala sources)[0m
2025.03.02 13:23:36 INFO  time: compiled computer-science_f4dd477a3a in 36ms[0m
2025.03.02 13:23:38 INFO  Shutting down server[0m
2025.03.02 13:23:38 INFO  shutting down Metals[0m
2025.03.02 13:23:38 INFO  Shut down connection with build server.[0m
2025.03.02 13:23:38 INFO  BSP server: Mar 02, 2025 1:23:38 PM org.eclipse.lsp4j.jsonrpc.RemoteEndpoint handleNotification[0m
2025.03.02 13:23:38 INFO  BSP server: WARNING: Notification threw an exception: {[0m
2025.03.02 13:23:38 INFO  BSP server:   "jsonrpc": "2.0",[0m
2025.03.02 13:23:38 INFO  BSP server:   "method": "build/exit",[0m
2025.03.02 13:23:38 INFO  BSP server:   "params": null[0m
2025.03.02 13:23:38 INFO  BSP server: }[0m
2025.03.02 13:23:38 INFO  BSP server: java.lang.RuntimeException: java.lang.reflect.InvocationTargetException[0m
2025.03.02 13:23:38 INFO  BSP server: 	at org.eclipse.lsp4j.jsonrpc.services.GenericEndpoint.lambda$null$0(GenericEndpoint.java:67)[0m
2025.03.02 13:23:38 INFO  BSP server: 	at org.eclipse.lsp4j.jsonrpc.services.GenericEndpoint.notify(GenericEndpoint.java:152)[0m
2025.03.02 13:23:38 INFO  BSP server: 	at org.eclipse.lsp4j.jsonrpc.RemoteEndpoint.handleNotification(RemoteEndpoint.java:220)[0m
2025.03.02 13:23:38 INFO  BSP server: 	at org.eclipse.lsp4j.jsonrpc.RemoteEndpoint.consume(RemoteEndpoint.java:187)[0m
2025.03.02 13:23:38 INFO  BSP server: 	at org.eclipse.lsp4j.jsonrpc.json.StreamMessageProducer.handleMessage(StreamMessageProducer.java:194)[0m
2025.03.02 13:23:38 INFO  BSP server: 	at org.eclipse.lsp4j.jsonrpc.json.StreamMessageProducer.listen(StreamMessageProducer.java:94)[0m
2025.03.02 13:23:38 INFO  BSP server: 	at org.eclipse.lsp4j.jsonrpc.json.ConcurrentMessageProcessor.run(ConcurrentMessageProcessor.java:113)[0m
2025.03.02 13:23:38 INFO  BSP server: 	at java.base@17.0.6/java.util.concurrent.Executors$RunnableAdapter.call(Executors.java:539)[0m
2025.03.02 13:23:38 INFO  BSP server: 	at java.base@17.0.6/java.util.concurrent.FutureTask.run(FutureTask.java:264)[0m
2025.03.02 13:23:38 INFO  BSP server: 	at java.base@17.0.6/java.util.concurrent.ThreadPoolExecutor.runWorker(ThreadPoolExecutor.java:1136)[0m
2025.03.02 13:23:38 INFO  BSP server: 	at java.base@17.0.6/java.util.concurrent.ThreadPoolExecutor$Worker.run(ThreadPoolExecutor.java:635)[0m
2025.03.02 13:23:38 INFO  BSP server: 	at java.base@17.0.6/java.lang.Thread.run(Thread.java:833)[0m
2025.03.02 13:23:38 INFO  BSP server: 	at com.oracle.svm.core.thread.PlatformThreads.threadStartRoutine(PlatformThreads.java:775)[0m
2025.03.02 13:23:38 INFO  BSP server: 	at com.oracle.svm.core.posix.thread.PosixPlatformThreads.pthreadStartRoutine(PosixPlatformThreads.java:203)[0m
2025.03.02 13:23:38 INFO  BSP server: Caused by: java.lang.reflect.InvocationTargetException[0m
2025.03.02 13:23:38 INFO  BSP server: 	at java.base@17.0.6/java.lang.reflect.Method.invoke(Method.java:568)[0m
2025.03.02 13:23:38 INFO  BSP server: 	at org.eclipse.lsp4j.jsonrpc.services.GenericEndpoint.lambda$null$0(GenericEndpoint.java:65)[0m
2025.03.02 13:23:38 INFO  BSP server: 	... 13 more[0m
2025.03.02 13:23:38 INFO  BSP server: Caused by: java.lang.RuntimeException: BSP server not initialized yet[0m
2025.03.02 13:23:38 INFO  BSP server: 	at scala.sys.package$.error(package.scala:27)[0m
2025.03.02 13:23:38 INFO  BSP server: 	at scala.build.bsp.BloopSession$Reference.get(BloopSession.scala:70)[0m
2025.03.02 13:23:38 INFO  BSP server: 	at scala.build.bsp.BspImpl.$anonfun$11(BspImpl.scala:474)[0m
2025.03.02 13:23:38 INFO  BSP server: 	at scala.build.bsp.BuildServerProxy.onBuildExit(BuildServerProxy.scala:29)[0m
2025.03.02 13:23:38 INFO  BSP server: 	... 15 more[0m
2025.03.02 13:23:38 INFO  BSP server: [0m
2025.03.02 13:23:38 INFO  Cancelling compilation on scala-cli server[0m
java.util.concurrent.RejectedExecutionException: Task Future(<not completed>) rejected from java.util.concurrent.ThreadPoolExecutor@570a05a6[Shutting down, pool size = 1, active threads = 1, queued tasks = 0, completed tasks = 885]
	at java.base/java.util.concurrent.ThreadPoolExecutor$AbortPolicy.rejectedExecution(ThreadPoolExecutor.java:2065)
	at java.base/java.util.concurrent.ThreadPoolExecutor.reject(ThreadPoolExecutor.java:833)
	at java.base/java.util.concurrent.ThreadPoolExecutor.execute(ThreadPoolExecutor.java:1365)
	at scala.concurrent.impl.ExecutionContextImpl.execute(ExecutionContextImpl.scala:21)
	at scala.concurrent.impl.Promise$Transformation.submitWithValue(Promise.scala:429)
	at scala.concurrent.impl.Promise$DefaultPromise.submitWithValue(Promise.scala:338)
	at scala.concurrent.impl.Promise$DefaultPromise.tryComplete0(Promise.scala:285)
	at scala.concurrent.impl.Promise$DefaultPromise.linkRootOf(Promise.scala:347)
	at scala.concurrent.impl.Promise$Transformation.run(Promise.scala:492)
	at java.base/java.util.concurrent.ThreadPoolExecutor.runWorker(ThreadPoolExecutor.java:1136)
	at java.base/java.util.concurrent.ThreadPoolExecutor$Worker.run(ThreadPoolExecutor.java:635)
	at java.base/java.lang.Thread.run(Thread.java:840)
2025.03.02 13:24:18 INFO  Started: Metals version 1.5.1 in folders '/home/lenny/server/computer-science' for client Neovim 0.10.4+v0.10.4.[0m
2025.03.02 13:24:18 INFO  no build target found for /home/lenny/server/computer-science/11-programming paradigms/hello.scala. Using presentation compiler with project's scala-library version: 3.3.4[0m
2025.03.02 13:24:19 INFO  Attempting to connect to the build server...[0m
2025.03.02 13:24:19 INFO  Running BSP server List(/usr/bin/scala-cli, bsp, --json-options, /home/lenny/server/computer-science/.scala-build/ide-options-v2.json, --json-launcher-options, /home/lenny/server/computer-science/.scala-build/ide-launcher-options.json, --envs-file, /home/lenny/server/computer-science/.scala-build/ide-envs.json, /home/lenny/server/computer-science)[0m
2025.03.02 13:24:19 INFO  tracing is disabled for protocol BSP, to enable tracing of incoming and outgoing JSON messages create an empty file at /home/lenny/server/computer-science/.metals/bsp.trace.json or /home/lenny/.cache/metals/bsp.trace.json[0m
2025.03.02 13:24:20 INFO  no build target found for /home/lenny/server/computer-science/11-programming paradigms/hello.scala. Using presentation compiler with project's scala-library version: 3.3.4[0m
2025.03.02 13:24:25 INFO  BSP server: Checking https://repo1.maven.org/maven2/org/scalameta/munit_3/[0m
2025.03.02 13:24:25 INFO  BSP server: Checked https://repo1.maven.org/maven2/org/scalameta/munit_3/[0m
2025.03.02 13:24:27 INFO  BSP server: Checking https://repo1.maven.org/maven2/org/scalameta/munit_3/maven-metadata.xml[0m
2025.03.02 13:24:27 INFO  BSP server: Checked https://repo1.maven.org/maven2/org/scalameta/munit_3/maven-metadata.xml[0m
2025.03.02 13:24:27 INFO  time: Connected to build server in 8.43s[0m
2025.03.02 13:24:27 INFO  Connected to Build server: scala-cli v1.5.0[0m
2025.03.02 13:24:27 INFO  running doctor check[0m
2025.03.02 13:24:27 INFO  java targets: computer-science_f4dd477a3a-test, computer-science_f4dd477a3a[0m
2025.03.02 13:24:27 INFO  compiling computer-science_f4dd477a3a (8 scala sources)[0m
2025.03.02 13:24:27 INFO  time: compiled computer-science_f4dd477a3a in 0.16s[0m
2025.03.02 13:24:27 INFO  compiling computer-science_f4dd477a3a (8 scala sources)[0m
2025.03.02 13:24:27 INFO  Shutting down server[0m
2025.03.02 13:24:27 INFO  shutting down Metals[0m
2025.03.02 13:24:27 INFO  BSP server: Mar 02, 2025 1:24:27 PM org.eclipse.lsp4j.jsonrpc.RemoteEndpoint handleNotification[0m
2025.03.02 13:24:27 INFO  Shut down connection with build server.[0m
2025.03.02 13:24:27 INFO  BSP server: WARNING: Notification threw an exception: {[0m
2025.03.02 13:24:27 INFO  BSP server:   "jsonrpc": "2.0",[0m
2025.03.02 13:24:27 INFO  BSP server:   "method": "build/exit",[0m
2025.03.02 13:24:27 INFO  BSP server:   "params": null[0m
2025.03.02 13:24:27 INFO  BSP server: }[0m
2025.03.02 13:24:27 INFO  BSP server: java.lang.RuntimeException: java.lang.reflect.InvocationTargetException[0m
2025.03.02 13:24:27 INFO  BSP server: 	at org.eclipse.lsp4j.jsonrpc.services.GenericEndpoint.lambda$null$0(GenericEndpoint.java:67)[0m
2025.03.02 13:24:27 INFO  BSP server: 	at org.eclipse.lsp4j.jsonrpc.services.GenericEndpoint.notify(GenericEndpoint.java:152)[0m
2025.03.02 13:24:27 INFO  BSP server: 	at org.eclipse.lsp4j.jsonrpc.RemoteEndpoint.handleNotification(RemoteEndpoint.java:220)[0m
2025.03.02 13:24:27 INFO  BSP server: 	at org.eclipse.lsp4j.jsonrpc.RemoteEndpoint.consume(RemoteEndpoint.java:187)[0m
2025.03.02 13:24:27 INFO  BSP server: 	at org.eclipse.lsp4j.jsonrpc.json.StreamMessageProducer.handleMessage(StreamMessageProducer.java:194)[0m
2025.03.02 13:24:27 INFO  BSP server: 	at org.eclipse.lsp4j.jsonrpc.json.StreamMessageProducer.listen(StreamMessageProducer.java:94)[0m
2025.03.02 13:24:27 INFO  BSP server: 	at org.eclipse.lsp4j.jsonrpc.json.ConcurrentMessageProcessor.run(ConcurrentMessageProcessor.java:113)[0m
2025.03.02 13:24:27 INFO  BSP server: 	at java.base@17.0.6/java.util.concurrent.Executors$RunnableAdapter.call(Executors.java:539)[0m
2025.03.02 13:24:27 INFO  BSP server: 	at java.base@17.0.6/java.util.concurrent.FutureTask.run(FutureTask.java:264)[0m
2025.03.02 13:24:27 INFO  BSP server: 	at java.base@17.0.6/java.util.concurrent.ThreadPoolExecutor.runWorker(ThreadPoolExecutor.java:1136)[0m
2025.03.02 13:24:27 INFO  BSP server: 	at java.base@17.0.6/java.util.concurrent.ThreadPoolExecutor$Worker.run(ThreadPoolExecutor.java:635)[0m
2025.03.02 13:24:27 INFO  BSP server: 	at java.base@17.0.6/java.lang.Thread.run(Thread.java:833)[0m
2025.03.02 13:24:27 INFO  BSP server: 	at com.oracle.svm.core.thread.PlatformThreads.threadStartRoutine(PlatformThreads.java:775)[0m
2025.03.02 13:24:27 INFO  BSP server: 	at com.oracle.svm.core.posix.thread.PosixPlatformThreads.pthreadStartRoutine(PosixPlatformThreads.java:203)[0m
2025.03.02 13:24:27 INFO  BSP server: Caused by: java.lang.reflect.InvocationTargetException[0m
2025.03.02 13:24:27 INFO  BSP server: 	at java.base@17.0.6/java.lang.reflect.Method.invoke(Method.java:568)[0m
2025.03.02 13:24:27 INFO  BSP server: 	at org.eclipse.lsp4j.jsonrpc.services.GenericEndpoint.lambda$null$0(GenericEndpoint.java:65)[0m
2025.03.02 13:24:27 INFO  BSP server: 	... 13 more[0m
2025.03.02 13:24:27 INFO  BSP server: Caused by: java.lang.RuntimeException: BSP server not initialized yet[0m
2025.03.02 13:24:27 INFO  BSP server: 	at scala.sys.package$.error(package.scala:27)[0m
2025.03.02 13:24:27 INFO  BSP server: 	at scala.build.bsp.BloopSession$Reference.get(BloopSession.scala:70)[0m
2025.03.02 13:24:27 INFO  BSP server: 	at scala.build.bsp.BspImpl.$anonfun$11(BspImpl.scala:474)[0m
2025.03.02 13:24:27 INFO  BSP server: 	at scala.build.bsp.BuildServerProxy.onBuildExit(BuildServerProxy.scala:29)[0m
2025.03.02 13:24:27 INFO  BSP server: 	... 15 more[0m
2025.03.02 13:24:27 INFO  BSP server: [0m
2025.03.02 13:24:27 INFO  Cancelling compilation on scala-cli server[0m
java.util.concurrent.RejectedExecutionException: Task Future(<not completed>) rejected from java.util.concurrent.ThreadPoolExecutor@51d81c0e[Shutting down, pool size = 3, active threads = 3, queued tasks = 0, completed tasks = 167]
	at java.base/java.util.concurrent.ThreadPoolExecutor$AbortPolicy.rejectedExecution(ThreadPoolExecutor.java:2065)
	at java.base/java.util.concurrent.ThreadPoolExecutor.reject(ThreadPoolExecutor.java:833)
	at java.base/java.util.concurrent.ThreadPoolExecutor.execute(ThreadPoolExecutor.java:1365)
	at scala.concurrent.impl.ExecutionContextImpl.execute(ExecutionContextImpl.scala:21)
	at scala.concurrent.impl.Promise$Transformation.submitWithValue(Promise.scala:429)
	at scala.concurrent.impl.Promise$DefaultPromise.submitWithValue(Promise.scala:338)
	at scala.concurrent.impl.Promise$DefaultPromise.tryComplete0(Promise.scala:285)
	at scala.concurrent.impl.Promise$DefaultPromise.linkRootOf(Promise.scala:347)
	at scala.concurrent.impl.Promise$Transformation.run(Promise.scala:492)
	at java.base/java.util.concurrent.ThreadPoolExecutor.runWorker(ThreadPoolExecutor.java:1136)
	at java.base/java.util.concurrent.ThreadPoolExecutor$Worker.run(ThreadPoolExecutor.java:635)
	at java.base/java.lang.Thread.run(Thread.java:840)
2025.03.02 13:25:13 INFO  Started: Metals version 1.5.1 in folders '/home/lenny/server/computer-science' for client Neovim 0.10.4+v0.10.4.[0m
2025.03.02 13:25:14 INFO  no build target found for /home/lenny/server/computer-science/11-programming paradigms/hello.scala. Using presentation compiler with project's scala-library version: 3.3.4[0m
2025.03.02 13:25:14 INFO  Attempting to connect to the build server...[0m
2025.03.02 13:25:14 INFO  Running BSP server List(/usr/bin/scala-cli, bsp, --json-options, /home/lenny/server/computer-science/.scala-build/ide-options-v2.json, --json-launcher-options, /home/lenny/server/computer-science/.scala-build/ide-launcher-options.json, --envs-file, /home/lenny/server/computer-science/.scala-build/ide-envs.json, /home/lenny/server/computer-science)[0m
2025.03.02 13:25:14 INFO  tracing is disabled for protocol BSP, to enable tracing of incoming and outgoing JSON messages create an empty file at /home/lenny/server/computer-science/.metals/bsp.trace.json or /home/lenny/.cache/metals/bsp.trace.json[0m
2025.03.02 13:25:14 INFO  time: Connected to build server in 0.57s[0m
2025.03.02 13:25:14 INFO  Connected to Build server: scala-cli v1.5.0[0m
2025.03.02 13:25:15 INFO  running doctor check[0m
2025.03.02 13:25:15 INFO  java targets: computer-science_f4dd477a3a-test, computer-science_f4dd477a3a[0m
2025.03.02 13:25:14 INFO  compiling computer-science_f4dd477a3a (8 scala sources)[0m
2025.03.02 13:25:15 INFO  time: compiled computer-science_f4dd477a3a in 0.27s[0m
2025.03.02 13:25:15 INFO  compiling computer-science_f4dd477a3a (8 scala sources)[0m
2025.03.02 13:25:15 INFO  time: compiled computer-science_f4dd477a3a in 0.17s[0m
2025.03.02 13:25:17 WARN  Could not find java sources in /usr/lib/jvm/src.zip, /usr/lib/jvm/lib/src.zip, /usr/lib/jvm/java-17-openjdk/src.zip, /usr/lib/jvm/java-17-openjdk/lib/src.zip. Java symbols will not be available.[0m
2025.03.02 13:25:17 WARN  Could not find java sources in /usr/lib/jvm/src.zip, /usr/lib/jvm/lib/src.zip, /usr/lib/jvm/java-17-openjdk/src.zip, /usr/lib/jvm/java-17-openjdk/lib/src.zip. Java symbols will not be available.[0m
2025.03.02 13:25:17 INFO  time: indexed workspace in 1.92s[0m
2025.03.02 13:25:17 INFO  compiling computer-science_f4dd477a3a (8 scala sources)[0m
2025.03.02 13:25:17 INFO  time: compiled computer-science_f4dd477a3a in 0.15s[0m
2025.03.02 13:25:17 INFO  compiling computer-science_f4dd477a3a (8 scala sources)[0m
2025.03.02 13:25:17 INFO  time: compiled computer-science_f4dd477a3a in 0.14s[0m
2025.03.02 13:25:23 INFO  compiling computer-science_f4dd477a3a (8 scala sources)[0m
2025.03.02 13:25:23 INFO  Deduplicating compilation of computer-science_f4dd477a3a from bsp client 'scala-cli 1.5.0' (since 8.257s)[0m
2025.03.02 13:25:23 INFO  compiling computer-science_f4dd477a3a (8 scala sources)[0m
2025.03.02 13:25:23 INFO  time: compiled computer-science_f4dd477a3a in 30ms[0m
2025.03.02 13:25:23 INFO  compiling computer-science_f4dd477a3a (8 scala sources)[0m
2025.03.02 13:25:23 INFO  Deduplicating compilation of computer-science_f4dd477a3a from bsp client 'scala-cli 1.5.0' (since 8.394s)[0m
2025.03.02 13:25:23 INFO  compiling computer-science_f4dd477a3a (8 scala sources)[0m
2025.03.02 13:25:23 INFO  time: compiled computer-science_f4dd477a3a in 30ms[0m
2025.03.02 13:25:25 INFO  Shutting down server[0m
2025.03.02 13:25:25 INFO  shutting down Metals[0m
2025.03.02 13:25:25 INFO  Shut down connection with build server.[0m
2025.03.02 13:25:25 INFO  BSP server: Mar 02, 2025 1:25:25 PM org.eclipse.lsp4j.jsonrpc.RemoteEndpoint handleNotification[0m
2025.03.02 13:25:25 INFO  BSP server: WARNING: Notification threw an exception: {[0m
2025.03.02 13:25:25 INFO  BSP server:   "jsonrpc": "2.0",[0m
2025.03.02 13:25:25 INFO  BSP server:   "method": "build/exit",[0m
2025.03.02 13:25:25 INFO  BSP server:   "params": null[0m
2025.03.02 13:25:25 INFO  BSP server: }[0m
2025.03.02 13:25:25 INFO  BSP server: java.lang.RuntimeException: java.lang.reflect.InvocationTargetException[0m
2025.03.02 13:25:25 INFO  BSP server: 	at org.eclipse.lsp4j.jsonrpc.services.GenericEndpoint.lambda$null$0(GenericEndpoint.java:67)[0m
2025.03.02 13:25:25 INFO  BSP server: 	at org.eclipse.lsp4j.jsonrpc.services.GenericEndpoint.notify(GenericEndpoint.java:152)[0m
2025.03.02 13:25:25 INFO  BSP server: 	at org.eclipse.lsp4j.jsonrpc.RemoteEndpoint.handleNotification(RemoteEndpoint.java:220)[0m
2025.03.02 13:25:25 INFO  BSP server: 	at org.eclipse.lsp4j.jsonrpc.RemoteEndpoint.consume(RemoteEndpoint.java:187)[0m
2025.03.02 13:25:25 INFO  BSP server: 	at org.eclipse.lsp4j.jsonrpc.json.StreamMessageProducer.handleMessage(StreamMessageProducer.java:194)[0m
2025.03.02 13:25:25 INFO  BSP server: 	at org.eclipse.lsp4j.jsonrpc.json.StreamMessageProducer.listen(StreamMessageProducer.java:94)[0m
2025.03.02 13:25:25 INFO  BSP server: 	at org.eclipse.lsp4j.jsonrpc.json.ConcurrentMessageProcessor.run(ConcurrentMessageProcessor.java:113)[0m
2025.03.02 13:25:25 INFO  BSP server: 	at java.base@17.0.6/java.util.concurrent.Executors$RunnableAdapter.call(Executors.java:539)[0m
2025.03.02 13:25:25 INFO  BSP server: 	at java.base@17.0.6/java.util.concurrent.FutureTask.run(FutureTask.java:264)[0m
2025.03.02 13:25:25 INFO  BSP server: 	at java.base@17.0.6/java.util.concurrent.ThreadPoolExecutor.runWorker(ThreadPoolExecutor.java:1136)[0m
2025.03.02 13:25:25 INFO  Cancelling compilation on scala-cli server[0m
java.util.concurrent.RejectedExecutionException: Task Future(<not completed>) rejected from java.util.concurrent.ThreadPoolExecutor@74dcdf65[Shutting down, pool size = 3, active threads = 3, queued tasks = 0, completed tasks = 773]
	at java.base/java.util.concurrent.ThreadPoolExecutor$AbortPolicy.rejectedExecution(ThreadPoolExecutor.java:2065)
	at java.base/java.util.concurrent.ThreadPoolExecutor.reject(ThreadPoolExecutor.java:833)
	at java.base/java.util.concurrent.ThreadPoolExecutor.execute(ThreadPoolExecutor.java:1365)
	at scala.concurrent.impl.ExecutionContextImpl.execute(ExecutionContextImpl.scala:21)
	at scala.concurrent.impl.Promise$Transformation.submitWithValue(Promise.scala:429)
	at scala.concurrent.impl.Promise$DefaultPromise.submitWithValue(Promise.scala:338)
	at scala.concurrent.impl.Promise$DefaultPromise.tryComplete0(Promise.scala:285)
	at scala.concurrent.impl.Promise$Transformation.handleFailure(Promise.scala:444)
	at scala.concurrent.impl.Promise$Transformation.submitWithValue(Promise.scala:435)
	at scala.concurrent.impl.Promise$DefaultPromise.submitWithValue(Promise.scala:338)
	at scala.concurrent.impl.Promise$DefaultPromise.tryComplete0(Promise.scala:285)
	at scala.concurrent.impl.Promise$Transformation.handleFailure(Promise.scala:444)
	at scala.concurrent.impl.Promise$Transformation.run(Promise.scala:506)
	at java.base/java.util.concurrent.ThreadPoolExecutor.runWorker(ThreadPoolExecutor.java:1136)
	at java.base/java.util.concurrent.ThreadPoolExecutor$Worker.run(ThreadPoolExecutor.java:635)
	at java.base/java.lang.Thread.run(Thread.java:840)
java.util.concurrent.RejectedExecutionException: Task Future(<not completed>) rejected from java.util.concurrent.ThreadPoolExecutor@74dcdf65[Shutting down, pool size = 3, active threads = 3, queued tasks = 0, completed tasks = 773]
	at java.base/java.util.concurrent.ThreadPoolExecutor$AbortPolicy.rejectedExecution(ThreadPoolExecutor.java:2065)
	at java.base/java.util.concurrent.ThreadPoolExecutor.reject(ThreadPoolExecutor.java:833)
2025.03.02 13:25:42 INFO  Started: Metals version 1.5.1 in folders '/home/lenny/server/computer-science' for client Neovim 0.10.4+v0.10.4.[0m
2025.03.02 13:25:45 INFO  no build target found for /home/lenny/server/computer-science/11-programming paradigms/hello.scala. Using presentation compiler with project's scala-library version: 3.3.4[0m
2025.03.02 13:25:45 INFO  Attempting to connect to the build server...[0m
2025.03.02 13:25:45 INFO  Running BSP server List(/usr/bin/scala-cli, bsp, --json-options, /home/lenny/server/computer-science/.scala-build/ide-options-v2.json, --json-launcher-options, /home/lenny/server/computer-science/.scala-build/ide-launcher-options.json, --envs-file, /home/lenny/server/computer-science/.scala-build/ide-envs.json, /home/lenny/server/computer-science)[0m
2025.03.02 13:25:45 INFO  tracing is disabled for protocol BSP, to enable tracing of incoming and outgoing JSON messages create an empty file at /home/lenny/server/computer-science/.metals/bsp.trace.json or /home/lenny/.cache/metals/bsp.trace.json[0m
2025.03.02 13:25:45 INFO  time: Connected to build server in 0.59s[0m
2025.03.02 13:25:45 INFO  Connected to Build server: scala-cli v1.5.0[0m
2025.03.02 13:25:46 INFO  running doctor check[0m
2025.03.02 13:25:46 INFO  java targets: computer-science_f4dd477a3a-test, computer-science_f4dd477a3a[0m
2025.03.02 13:25:45 INFO  compiling computer-science_f4dd477a3a (8 scala sources)[0m
2025.03.02 13:25:45 INFO  time: compiled computer-science_f4dd477a3a in 0.18s[0m
2025.03.02 13:25:45 INFO  compiling computer-science_f4dd477a3a (8 scala sources)[0m
2025.03.02 13:25:46 INFO  time: compiled computer-science_f4dd477a3a in 0.28s[0m
Mar 02, 2025 1:25:46 PM org.eclipse.lsp4j.jsonrpc.RemoteEndpoint handleCancellation
WARNING: Unmatched cancel notification for request id 2
2025.03.02 13:25:47 WARN  Could not find java sources in /usr/lib/jvm/src.zip, /usr/lib/jvm/lib/src.zip, /usr/lib/jvm/java-17-openjdk/src.zip, /usr/lib/jvm/java-17-openjdk/lib/src.zip. Java symbols will not be available.[0m
2025.03.02 13:25:47 WARN  Could not find java sources in /usr/lib/jvm/src.zip, /usr/lib/jvm/lib/src.zip, /usr/lib/jvm/java-17-openjdk/src.zip, /usr/lib/jvm/java-17-openjdk/lib/src.zip. Java symbols will not be available.[0m
2025.03.02 13:25:47 INFO  time: indexed workspace in 1.69s[0m
2025.03.02 13:25:47 INFO  compiling computer-science_f4dd477a3a (8 scala sources)[0m
2025.03.02 13:25:47 INFO  time: compiled computer-science_f4dd477a3a in 0.12s[0m
2025.03.02 13:25:47 INFO  compiling computer-science_f4dd477a3a (8 scala sources)[0m
2025.03.02 13:25:47 INFO  time: compiled computer-science_f4dd477a3a in 0.11s[0m
2025.03.02 13:25:51 INFO  compiling computer-science_f4dd477a3a (8 scala sources)[0m
2025.03.02 13:25:51 INFO  Deduplicating compilation of computer-science_f4dd477a3a from bsp client 'scala-cli 1.5.0' (since 5.635s)[0m
2025.03.02 13:25:51 INFO  compiling computer-science_f4dd477a3a (8 scala sources)[0m
2025.03.02 13:25:51 INFO  time: compiled computer-science_f4dd477a3a in 32ms[0m
2025.03.02 13:25:51 INFO  compiling computer-science_f4dd477a3a (8 scala sources)[0m
2025.03.02 13:25:51 INFO  Deduplicating compilation of computer-science_f4dd477a3a from bsp client 'scala-cli 1.5.0' (since 5.774s)[0m
2025.03.02 13:25:51 INFO  compiling computer-science_f4dd477a3a (8 scala sources)[0m
2025.03.02 13:25:51 INFO  time: compiled computer-science_f4dd477a3a in 23ms[0m
2025.03.02 13:25:53 INFO  Shutting down server[0m
2025.03.02 13:25:53 INFO  shutting down Metals[0m
2025.03.02 13:25:53 INFO  Shut down connection with build server.[0m
2025.03.02 13:25:53 INFO  Cancelling compilation on scala-cli server[0m
java.util.concurrent.RejectedExecutionException: Task Future(<not completed>) rejected from java.util.concurrent.ThreadPoolExecutor@69bf0bf1[Shutting down, pool size = 1, active threads = 1, queued tasks = 0, completed tasks = 746]
	at java.base/java.util.concurrent.ThreadPoolExecutor$AbortPolicy.rejectedExecution(ThreadPoolExecutor.java:2065)
	at java.base/java.util.concurrent.ThreadPoolExecutor.reject(ThreadPoolExecutor.java:833)
	at java.base/java.util.concurrent.ThreadPoolExecutor.execute(ThreadPoolExecutor.java:1365)
	at scala.concurrent.impl.ExecutionContextImpl.execute(ExecutionContextImpl.scala:21)
	at scala.concurrent.impl.Promise$Transformation.submitWithValue(Promise.scala:429)
	at scala.concurrent.impl.Promise$DefaultPromise.submitWithValue(Promise.scala:338)
	at scala.concurrent.impl.Promise$DefaultPromise.tryComplete0(Promise.scala:285)
	at scala.concurrent.impl.Promise$DefaultPromise.linkRootOf(Promise.scala:347)
	at scala.concurrent.impl.Promise$Transformation.run(Promise.scala:492)
	at java.base/java.util.concurrent.ThreadPoolExecutor.runWorker(ThreadPoolExecutor.java:1136)
	at java.base/java.util.concurrent.ThreadPoolExecutor$Worker.run(ThreadPoolExecutor.java:635)
	at java.base/java.lang.Thread.run(Thread.java:840)
2025.03.02 13:26:07 INFO  Started: Metals version 1.5.1 in folders '/home/lenny/server/computer-science' for client Neovim 0.10.4+v0.10.4.[0m
2025.03.02 13:26:08 INFO  no build target found for /home/lenny/server/computer-science/11-programming paradigms/hello.scala. Using presentation compiler with project's scala-library version: 3.3.4[0m
2025.03.02 13:26:08 INFO  Attempting to connect to the build server...[0m
2025.03.02 13:26:08 INFO  Running BSP server List(/usr/bin/scala-cli, bsp, --json-options, /home/lenny/server/computer-science/.scala-build/ide-options-v2.json, --json-launcher-options, /home/lenny/server/computer-science/.scala-build/ide-launcher-options.json, --envs-file, /home/lenny/server/computer-science/.scala-build/ide-envs.json, /home/lenny/server/computer-science)[0m
2025.03.02 13:26:08 INFO  tracing is disabled for protocol BSP, to enable tracing of incoming and outgoing JSON messages create an empty file at /home/lenny/server/computer-science/.metals/bsp.trace.json or /home/lenny/.cache/metals/bsp.trace.json[0m
2025.03.02 13:26:08 INFO  time: Connected to build server in 0.64s[0m
2025.03.02 13:26:08 INFO  Connected to Build server: scala-cli v1.5.0[0m
2025.03.02 13:26:08 INFO  running doctor check[0m
2025.03.02 13:26:08 INFO  java targets: computer-science_f4dd477a3a-test, computer-science_f4dd477a3a[0m
2025.03.02 13:26:08 INFO  compiling computer-science_f4dd477a3a (8 scala sources)[0m
2025.03.02 13:26:08 INFO  time: compiled computer-science_f4dd477a3a in 0.17s[0m
2025.03.02 13:26:09 INFO  compiling computer-science_f4dd477a3a (8 scala sources)[0m
2025.03.02 13:26:09 INFO  time: compiled computer-science_f4dd477a3a in 0.32s[0m
2025.03.02 13:26:10 WARN  Could not find java sources in /usr/lib/jvm/src.zip, /usr/lib/jvm/lib/src.zip, /usr/lib/jvm/java-17-openjdk/src.zip, /usr/lib/jvm/java-17-openjdk/lib/src.zip. Java symbols will not be available.[0m
2025.03.02 13:26:10 WARN  Could not find java sources in /usr/lib/jvm/src.zip, /usr/lib/jvm/lib/src.zip, /usr/lib/jvm/java-17-openjdk/src.zip, /usr/lib/jvm/java-17-openjdk/lib/src.zip. Java symbols will not be available.[0m
2025.03.02 13:26:10 INFO  time: indexed workspace in 2.12s[0m
2025.03.02 13:26:11 INFO  compiling computer-science_f4dd477a3a (8 scala sources)[0m
2025.03.02 13:26:11 INFO  time: compiled computer-science_f4dd477a3a in 0.11s[0m
2025.03.02 13:26:11 INFO  compiling computer-science_f4dd477a3a (8 scala sources)[0m
2025.03.02 13:26:11 INFO  time: compiled computer-science_f4dd477a3a in 0.12s[0m
2025.03.02 13:26:22 INFO  Shutting down server[0m
2025.03.02 13:26:22 INFO  shutting down Metals[0m
2025.03.02 13:26:22 INFO  Shut down connection with build server.[0m
2025.03.02 13:26:22 INFO  BSP server: Mar 02, 2025 1:26:22 PM org.eclipse.lsp4j.jsonrpc.RemoteEndpoint handleNotification[0m
2025.03.02 13:26:22 INFO  BSP server: WARNING: Notification threw an exception: {[0m
2025.03.02 13:26:22 INFO  BSP server:   "jsonrpc": "2.0",[0m
2025.03.02 13:26:22 INFO  BSP server:   "method": "build/exit",[0m
2025.03.02 13:26:22 INFO  BSP server:   "params": null[0m
2025.03.02 13:26:22 INFO  BSP server: }[0m
2025.03.02 13:26:22 INFO  BSP server: java.lang.RuntimeException: java.lang.reflect.InvocationTargetException[0m
2025.03.02 13:26:22 INFO  BSP server: 	at org.eclipse.lsp4j.jsonrpc.services.GenericEndpoint.lambda$null$0(GenericEndpoint.java:67)[0m
2025.03.02 13:26:22 INFO  BSP server: 	at org.eclipse.lsp4j.jsonrpc.services.GenericEndpoint.notify(GenericEndpoint.java:152)[0m
2025.03.02 13:26:22 INFO  BSP server: 	at org.eclipse.lsp4j.jsonrpc.RemoteEndpoint.handleNotification(RemoteEndpoint.java:220)[0m
2025.03.02 13:26:22 INFO  BSP server: 	at org.eclipse.lsp4j.jsonrpc.RemoteEndpoint.consume(RemoteEndpoint.java:187)[0m
2025.03.02 13:26:22 INFO  BSP server: 	at org.eclipse.lsp4j.jsonrpc.json.StreamMessageProducer.handleMessage(StreamMessageProducer.java:194)[0m
2025.03.02 13:26:22 INFO  BSP server: 	at org.eclipse.lsp4j.jsonrpc.json.StreamMessageProducer.listen(StreamMessageProducer.java:94)[0m
2025.03.02 13:26:22 INFO  BSP server: 	at org.eclipse.lsp4j.jsonrpc.json.ConcurrentMessageProcessor.run(ConcurrentMessageProcessor.java:113)[0m
2025.03.02 13:26:22 INFO  BSP server: 	at java.base@17.0.6/java.util.concurrent.Executors$RunnableAdapter.call(Executors.java:539)[0m
2025.03.02 13:26:22 INFO  BSP server: 	at java.base@17.0.6/java.util.concurrent.FutureTask.run(FutureTask.java:264)[0m
2025.03.02 13:26:22 INFO  BSP server: 	at java.base@17.0.6/java.util.concurrent.ThreadPoolExecutor.runWorker(ThreadPoolExecutor.java:1136)[0m
2025.03.02 13:26:22 INFO  BSP server: 	at java.base@17.0.6/java.util.concurrent.ThreadPoolExecutor$Worker.run(ThreadPoolExecutor.java:635)[0m
2025.03.02 13:26:22 INFO  BSP server: 	at java.base@17.0.6/java.lang.Thread.run(Thread.java:833)[0m
2025.03.02 13:26:22 INFO  BSP server: 	at com.oracle.svm.core.thread.PlatformThreads.threadStartRoutine(PlatformThreads.java:775)[0m
2025.03.02 13:26:22 INFO  BSP server: 	at com.oracle.svm.core.posix.thread.PosixPlatformThreads.pthreadStartRoutine(PosixPlatformThreads.java:203)[0m
2025.03.02 13:26:22 INFO  BSP server: Caused by: java.lang.reflect.InvocationTargetException[0m
2025.03.02 13:26:22 INFO  BSP server: 	at java.base@17.0.6/java.lang.reflect.Method.invoke(Method.java:568)[0m
2025.03.02 13:26:22 INFO  BSP server: 	at org.eclipse.lsp4j.jsonrpc.services.GenericEndpoint.lambda$null$0(GenericEndpoint.java:65)[0m
2025.03.02 13:26:22 INFO  BSP server: 	... 13 more[0m
2025.03.02 13:26:22 INFO  BSP server: Caused by: java.lang.RuntimeException: BSP server not initialized yet[0m
2025.03.02 13:26:22 INFO  BSP server: 	at scala.sys.package$.error(package.scala:27)[0m
2025.03.02 13:26:22 INFO  BSP server: 	at scala.build.bsp.BloopSession$Reference.get(BloopSession.scala:70)[0m
2025.03.02 13:26:22 INFO  BSP server: 	at scala.build.bsp.BspImpl.$anonfun$11(BspImpl.scala:474)[0m
2025.03.02 13:26:22 INFO  BSP server: 	at scala.build.bsp.BuildServerProxy.onBuildExit(BuildServerProxy.scala:29)[0m
2025.03.02 13:26:22 INFO  BSP server: 	... 15 more[0m
2025.03.02 13:26:22 INFO  BSP server: [0m
2025.03.02 13:26:22 INFO  Cancelling compilation on scala-cli server[0m
2025.03.02 13:27:15 INFO  Started: Metals version 1.5.1 in folders '/home/lenny/server/computer-science' for client Neovim 0.10.4+v0.10.4.[0m
2025.03.02 13:27:22 INFO  no build target found for /home/lenny/server/computer-science/11-programming paradigms/hello.scala. Using presentation compiler with project's scala-library version: 3.3.4[0m
2025.03.02 13:27:22 INFO  Attempting to connect to the build server...[0m
2025.03.02 13:27:22 INFO  Running BSP server List(/usr/bin/scala-cli, bsp, --json-options, /home/lenny/server/computer-science/.scala-build/ide-options-v2.json, --json-launcher-options, /home/lenny/server/computer-science/.scala-build/ide-launcher-options.json, --envs-file, /home/lenny/server/computer-science/.scala-build/ide-envs.json, /home/lenny/server/computer-science)[0m
2025.03.02 13:27:22 INFO  tracing is disabled for protocol BSP, to enable tracing of incoming and outgoing JSON messages create an empty file at /home/lenny/server/computer-science/.metals/bsp.trace.json or /home/lenny/.cache/metals/bsp.trace.json[0m
2025.03.02 13:27:22 INFO  time: Connected to build server in 0.55s[0m
2025.03.02 13:27:22 INFO  Connected to Build server: scala-cli v1.5.0[0m
2025.03.02 13:27:23 INFO  running doctor check[0m
2025.03.02 13:27:23 INFO  java targets: computer-science_f4dd477a3a-test, computer-science_f4dd477a3a[0m
2025.03.02 13:27:22 INFO  compiling computer-science_f4dd477a3a (8 scala sources)[0m
2025.03.02 13:27:22 INFO  time: compiled computer-science_f4dd477a3a in 0.23s[0m
2025.03.02 13:27:22 INFO  compiling computer-science_f4dd477a3a (8 scala sources)[0m
2025.03.02 13:27:23 INFO  time: compiled computer-science_f4dd477a3a in 0.16s[0m
2025.03.02 13:27:24 WARN  Could not find java sources in /usr/lib/jvm/src.zip, /usr/lib/jvm/lib/src.zip, /usr/lib/jvm/java-17-openjdk/src.zip, /usr/lib/jvm/java-17-openjdk/lib/src.zip. Java symbols will not be available.[0m
2025.03.02 13:27:24 WARN  Could not find java sources in /usr/lib/jvm/src.zip, /usr/lib/jvm/lib/src.zip, /usr/lib/jvm/java-17-openjdk/src.zip, /usr/lib/jvm/java-17-openjdk/lib/src.zip. Java symbols will not be available.[0m
2025.03.02 13:27:24 INFO  time: indexed workspace in 1.52s[0m
2025.03.02 13:27:24 INFO  compiling computer-science_f4dd477a3a (8 scala sources)[0m
2025.03.02 13:27:24 INFO  time: compiled computer-science_f4dd477a3a in 0.12s[0m
Mar 02, 2025 1:27:25 PM org.eclipse.lsp4j.jsonrpc.RemoteEndpoint handleCancellation
WARNING: Unmatched cancel notification for request id 2
2025.03.02 13:27:24 INFO  compiling computer-science_f4dd477a3a (8 scala sources)[0m
2025.03.02 13:27:24 INFO  time: compiled computer-science_f4dd477a3a in 0.13s[0m
2025.03.02 13:28:13 WARN  Could not find semantic tokens for: file:///home/lenny/server/computer-science/11-programming%20paradigms/hello.scala[0m
2025.03.02 13:28:15 INFO  Shutting down server[0m
2025.03.02 13:28:15 INFO  shutting down Metals[0m
2025.03.02 13:28:15 INFO  Shut down connection with build server.[0m
2025.03.02 13:28:15 INFO  Cancelling compilation on scala-cli server[0m
java.util.concurrent.RejectedExecutionException: Task Future(<not completed>) rejected from java.util.concurrent.ThreadPoolExecutor@45956b28[Shutting down, pool size = 1, active threads = 1, queued tasks = 0, completed tasks = 526]
	at java.base/java.util.concurrent.ThreadPoolExecutor$AbortPolicy.rejectedExecution(ThreadPoolExecutor.java:2065)
	at java.base/java.util.concurrent.ThreadPoolExecutor.reject(ThreadPoolExecutor.java:833)
	at java.base/java.util.concurrent.ThreadPoolExecutor.execute(ThreadPoolExecutor.java:1365)
	at scala.concurrent.impl.ExecutionContextImpl.execute(ExecutionContextImpl.scala:21)
	at scala.concurrent.impl.Promise$Transformation.submitWithValue(Promise.scala:429)
	at scala.concurrent.impl.Promise$DefaultPromise.submitWithValue(Promise.scala:338)
	at scala.concurrent.impl.Promise$DefaultPromise.tryComplete0(Promise.scala:285)
	at scala.concurrent.impl.Promise$DefaultPromise.linkRootOf(Promise.scala:347)
	at scala.concurrent.impl.Promise$Transformation.run(Promise.scala:492)
	at java.base/java.util.concurrent.ThreadPoolExecutor.runWorker(ThreadPoolExecutor.java:1136)
	at java.base/java.util.concurrent.ThreadPoolExecutor$Worker.run(ThreadPoolExecutor.java:635)
	at java.base/java.lang.Thread.run(Thread.java:840)
2025.03.02 14:04:38 INFO  Started: Metals version 1.5.1 in folders '/home/lenny/server/computer-science' for client Neovim 0.10.4+v0.10.4.[0m
2025.03.02 14:04:39 INFO  no build target found for /home/lenny/server/computer-science/11-programming paradigms/hello.scala. Using presentation compiler with project's scala-library version: 3.3.4[0m
2025.03.02 14:04:39 INFO  no build target found for /home/lenny/server/computer-science/11-programming paradigms/hello.scala. Using presentation compiler with project's scala-library version: 3.3.4[0m
2025.03.02 14:04:39 INFO  Attempting to connect to the build server...[0m
2025.03.02 14:04:39 INFO  Running BSP server List(/usr/bin/scala-cli, bsp, --json-options, /home/lenny/server/computer-science/.scala-build/ide-options-v2.json, --json-launcher-options, /home/lenny/server/computer-science/.scala-build/ide-launcher-options.json, --envs-file, /home/lenny/server/computer-science/.scala-build/ide-envs.json, /home/lenny/server/computer-science)[0m
2025.03.02 14:04:39 INFO  tracing is disabled for protocol BSP, to enable tracing of incoming and outgoing JSON messages create an empty file at /home/lenny/server/computer-science/.metals/bsp.trace.json or /home/lenny/.cache/metals/bsp.trace.json[0m
2025.03.02 14:04:39 INFO  time: Connected to build server in 0.56s[0m
2025.03.02 14:04:39 INFO  Connected to Build server: scala-cli v1.5.0[0m
2025.03.02 14:04:40 INFO  running doctor check[0m
2025.03.02 14:04:40 INFO  java targets: computer-science_f4dd477a3a-test, computer-science_f4dd477a3a[0m
2025.03.02 14:04:39 INFO  compiling computer-science_f4dd477a3a (8 scala sources)[0m
2025.03.02 14:04:39 INFO  time: compiled computer-science_f4dd477a3a in 0.22s[0m
2025.03.02 14:04:39 INFO  compiling computer-science_f4dd477a3a (8 scala sources)[0m
2025.03.02 14:04:40 INFO  time: compiled computer-science_f4dd477a3a in 0.2s[0m
2025.03.02 14:04:41 WARN  Could not find java sources in /usr/lib/jvm/src.zip, /usr/lib/jvm/lib/src.zip, /usr/lib/jvm/java-17-openjdk/src.zip, /usr/lib/jvm/java-17-openjdk/lib/src.zip. Java symbols will not be available.[0m
2025.03.02 14:04:41 WARN  Could not find java sources in /usr/lib/jvm/src.zip, /usr/lib/jvm/lib/src.zip, /usr/lib/jvm/java-17-openjdk/src.zip, /usr/lib/jvm/java-17-openjdk/lib/src.zip. Java symbols will not be available.[0m
2025.03.02 14:04:41 INFO  time: indexed workspace in 1.5s[0m
2025.03.02 14:04:41 INFO  compiling computer-science_f4dd477a3a (8 scala sources)[0m
2025.03.02 14:04:41 INFO  time: compiled computer-science_f4dd477a3a in 88ms[0m
Mar 02, 2025 2:04:41 PM org.eclipse.lsp4j.jsonrpc.RemoteEndpoint handleCancellation
WARNING: Unmatched cancel notification for request id 2
2025.03.02 14:04:41 INFO  compiling computer-science_f4dd477a3a (8 scala sources)[0m
2025.03.02 14:04:41 INFO  time: compiled computer-science_f4dd477a3a in 0.1s[0m
2025.03.02 14:04:49 INFO  compiling computer-science_f4dd477a3a (8 scala sources)[0m
2025.03.02 14:04:49 INFO  Deduplicating compilation of computer-science_f4dd477a3a from bsp client 'scala-cli 1.5.0' (since 9.716s)[0m
2025.03.02 14:04:49 INFO  compiling computer-science_f4dd477a3a (8 scala sources)[0m
2025.03.02 14:04:49 INFO  time: compiled computer-science_f4dd477a3a in 29ms[0m
2025.03.02 14:04:49 INFO  compiling computer-science_f4dd477a3a (8 scala sources)[0m
2025.03.02 14:04:49 INFO  Deduplicating compilation of computer-science_f4dd477a3a from bsp client 'scala-cli 1.5.0' (since 9.852s)[0m
2025.03.02 14:04:49 INFO  compiling computer-science_f4dd477a3a (8 scala sources)[0m
2025.03.02 14:04:49 INFO  time: compiled computer-science_f4dd477a3a in 30ms[0m
2025.03.02 14:04:52 INFO  Shutting down server[0m
2025.03.02 14:04:52 INFO  shutting down Metals[0m
2025.03.02 14:04:52 INFO  Shut down connection with build server.[0m
2025.03.02 14:04:52 INFO  BSP server: Mar 02, 2025 2:04:52 PM org.eclipse.lsp4j.jsonrpc.RemoteEndpoint handleNotification[0m
2025.03.02 14:04:52 INFO  BSP server: WARNING: Notification threw an exception: {[0m
2025.03.02 14:04:52 INFO  BSP server:   "jsonrpc": "2.0",[0m
2025.03.02 14:04:52 INFO  BSP server:   "method": "build/exit",[0m
2025.03.02 14:04:52 INFO  BSP server:   "params": null[0m
2025.03.02 14:04:52 INFO  BSP server: }[0m
2025.03.02 14:04:52 INFO  BSP server: java.lang.RuntimeException: java.lang.reflect.InvocationTargetException[0m
2025.03.02 14:04:52 INFO  BSP server: 	at org.eclipse.lsp4j.jsonrpc.services.GenericEndpoint.lambda$null$0(GenericEndpoint.java:67)[0m
2025.03.02 14:04:52 INFO  BSP server: 	at org.eclipse.lsp4j.jsonrpc.services.GenericEndpoint.notify(GenericEndpoint.java:152)[0m
2025.03.02 14:04:52 INFO  BSP server: 	at org.eclipse.lsp4j.jsonrpc.RemoteEndpoint.handleNotification(RemoteEndpoint.java:220)[0m
2025.03.02 14:04:52 INFO  BSP server: 	at org.eclipse.lsp4j.jsonrpc.RemoteEndpoint.consume(RemoteEndpoint.java:187)[0m
2025.03.02 14:04:52 INFO  BSP server: 	at org.eclipse.lsp4j.jsonrpc.json.StreamMessageProducer.handleMessage(StreamMessageProducer.java:194)[0m
2025.03.02 14:04:52 INFO  BSP server: 	at org.eclipse.lsp4j.jsonrpc.json.StreamMessageProducer.listen(StreamMessageProducer.java:94)[0m
2025.03.02 14:04:52 INFO  BSP server: 	at org.eclipse.lsp4j.jsonrpc.json.ConcurrentMessageProcessor.run(ConcurrentMessageProcessor.java:113)[0m
2025.03.02 14:04:52 INFO  BSP server: 	at java.base@17.0.6/java.util.concurrent.Executors$RunnableAdapter.call(Executors.java:539)[0m
2025.03.02 14:04:52 INFO  BSP server: 	at java.base@17.0.6/java.util.concurrent.FutureTask.run(FutureTask.java:264)[0m
2025.03.02 14:04:52 INFO  BSP server: 	at java.base@17.0.6/java.util.concurrent.ThreadPoolExecutor.runWorker(ThreadPoolExecutor.java:1136)[0m
2025.03.02 14:04:52 INFO  BSP server: 	at java.base@17.0.6/java.util.concurrent.ThreadPoolExecutor$Worker.run(ThreadPoolExecutor.java:635)[0m
2025.03.02 14:04:52 INFO  BSP server: 	at java.base@17.0.6/java.lang.Thread.run(Thread.java:833)[0m
2025.03.02 14:04:52 INFO  BSP server: 	at com.oracle.svm.core.thread.PlatformThreads.threadStartRoutine(PlatformThreads.java:775)[0m
2025.03.02 14:04:52 INFO  BSP server: 	at com.oracle.svm.core.posix.thread.PosixPlatformThreads.pthreadStartRoutine(PosixPlatformThreads.java:203)[0m
2025.03.02 14:04:52 INFO  BSP server: Caused by: java.lang.reflect.InvocationTargetException[0m
2025.03.02 14:04:52 INFO  Cancelling compilation on scala-cli server[0m
java.util.concurrent.RejectedExecutionException: Task Future(<not completed>) rejected from java.util.concurrent.ThreadPoolExecutor@2526255e[Shutting down, pool size = 3, active threads = 3, queued tasks = 0, completed tasks = 875]
	at java.base/java.util.concurrent.ThreadPoolExecutor$AbortPolicy.rejectedExecution(ThreadPoolExecutor.java:2065)
	at java.base/java.util.concurrent.ThreadPoolExecutor.reject(ThreadPoolExecutor.java:833)
	at java.base/java.util.concurrent.ThreadPoolExecutor.execute(ThreadPoolExecutor.java:1365)
	at scala.concurrent.impl.ExecutionContextImpl.execute(ExecutionContextImpl.scala:21)
	at scala.concurrent.impl.Promise$Transformation.submitWithValue(Promise.scala:429)
	at scala.concurrent.impl.Promise$DefaultPromise.submitWithValue(Promise.scala:338)
	at scala.concurrent.impl.Promise$DefaultPromise.tryComplete0(Promise.scala:285)
	at scala.concurrent.impl.Promise$Transformation.handleFailure(Promise.scala:444)
	at scala.concurrent.impl.Promise$Transformation.submitWithValue(Promise.scala:435)
	at scala.concurrent.impl.Promise$DefaultPromise.submitWithValue(Promise.scala:338)
	at scala.concurrent.impl.Promise$DefaultPromise.tryComplete0(Promise.scala:285)
	at scala.concurrent.impl.Promise$Transformation.handleFailure(Promise.scala:444)
	at scala.concurrent.impl.Promise$Transformation.run(Promise.scala:506)
	at java.base/java.util.concurrent.ThreadPoolExecutor.runWorker(ThreadPoolExecutor.java:1136)
	at java.base/java.util.concurrent.ThreadPoolExecutor$Worker.run(ThreadPoolExecutor.java:635)
	at java.base/java.lang.Thread.run(Thread.java:840)
java.util.concurrent.RejectedExecutionException: Task Future(<not completed>) rejected from java.util.concurrent.ThreadPoolExecutor@2526255e[Shutting down, pool size = 3, active threads = 3, queued tasks = 0, completed tasks = 875]
	at java.base/java.util.concurrent.ThreadPoolExecutor$AbortPolicy.rejectedExecution(ThreadPoolExecutor.java:2065)
	at java.base/java.util.concurrent.ThreadPoolExecutor.reject(ThreadPoolExecutor.java:833)
	at java.base/java.util.concurrent.ThreadPoolExecutor.execute(ThreadPoolExecutor.java:1365)
	at scala.concurrent.impl.ExecutionContextImpl.execute(ExecutionContextImpl.scala:21)
	at scala.concurrent.impl.Promise$Transformation.submitWithValue(Promise.scala:429)
	at scala.concurrent.impl.Promise$DefaultPromise.submitWithValue(Promise.scala:338)
	at scala.concurrent.impl.Promise$DefaultPromise.tryComplete0(Promise.scala:285)
	at scala.concurrent.impl.Promise$Transformation.handleFailure(Promise.scala:444)
	at scala.concurrent.impl.Promise$Transformation.submitWithValue(Promise.scala:435)
	at scala.concurrent.impl.Promise$DefaultPromise.submitWithValue(Promise.scala:338)
	at scala.concurrent.impl.Promise$DefaultPromise.tryComplete0(Promise.scala:285)
	at scala.concurrent.impl.Promise$Transformation.handleFailure(Promise.scala:444)
	at scala.concurrent.impl.Promise$Transformation.run(Promise.scala:506)
	at java.base/java.util.concurrent.ThreadPoolExecutor.runWorker(ThreadPoolExecutor.java:1136)
	at java.base/java.util.concurrent.ThreadPoolExecutor$Worker.run(ThreadPoolExecutor.java:635)
	at java.base/java.lang.Thread.run(Thread.java:840)
2025.03.02 14:08:01 INFO  Started: Metals version 1.5.1 in folders '/home/lenny/server/computer-science' for client Neovim 0.10.4+v0.10.4.[0m
2025.03.02 14:08:03 INFO  no build target found for /home/lenny/server/computer-science/11-programming paradigms/hello.scala. Using presentation compiler with project's scala-library version: 3.3.4[0m
2025.03.02 14:08:03 INFO  Attempting to connect to the build server...[0m
2025.03.02 14:08:03 INFO  Running BSP server List(/usr/bin/scala-cli, bsp, --json-options, /home/lenny/server/computer-science/.scala-build/ide-options-v2.json, --json-launcher-options, /home/lenny/server/computer-science/.scala-build/ide-launcher-options.json, --envs-file, /home/lenny/server/computer-science/.scala-build/ide-envs.json, /home/lenny/server/computer-science)[0m
2025.03.02 14:08:04 INFO  tracing is disabled for protocol BSP, to enable tracing of incoming and outgoing JSON messages create an empty file at /home/lenny/server/computer-science/.metals/bsp.trace.json or /home/lenny/.cache/metals/bsp.trace.json[0m
2025.03.02 14:08:04 INFO  time: Connected to build server in 0.56s[0m
2025.03.02 14:08:04 INFO  Connected to Build server: scala-cli v1.5.0[0m
2025.03.02 14:08:04 INFO  time: Imported build in 0.1s[0m
2025.03.02 14:08:04 INFO  running doctor check[0m
2025.03.02 14:08:04 INFO  java targets: computer-science_f4dd477a3a-test, computer-science_f4dd477a3a[0m
2025.03.02 14:08:03 INFO  compiling computer-science_f4dd477a3a (8 scala sources)[0m
2025.03.02 14:08:06 WARN  Could not find java sources in /usr/lib/jvm/src.zip, /usr/lib/jvm/lib/src.zip, /usr/lib/jvm/java-17-openjdk/src.zip, /usr/lib/jvm/java-17-openjdk/lib/src.zip. Java symbols will not be available.[0m
2025.03.02 14:08:07 INFO  time: compiled computer-science_f4dd477a3a in 2.75s[0m
2025.03.02 14:08:07 INFO  compiling computer-science_f4dd477a3a (8 scala sources)[0m
2025.03.02 14:08:08 WARN  Could not find java sources in /usr/lib/jvm/src.zip, /usr/lib/jvm/lib/src.zip, /usr/lib/jvm/java-17-openjdk/src.zip, /usr/lib/jvm/java-17-openjdk/lib/src.zip. Java symbols will not be available.[0m
2025.03.02 14:08:08 INFO  time: indexed workspace in 3.45s[0m
2025.03.02 14:08:07 INFO  time: compiled computer-science_f4dd477a3a in 0.84s[0m
2025.03.02 14:08:08 INFO  compiling computer-science_f4dd477a3a (8 scala sources)[0m
2025.03.02 14:08:08 INFO  time: compiled computer-science_f4dd477a3a in 0.62s[0m
2025.03.02 14:08:09 INFO  compiling computer-science_f4dd477a3a (8 scala sources)[0m
2025.03.02 14:08:09 INFO  time: compiled computer-science_f4dd477a3a in 0.48s[0m
2025.03.02 14:08:11 INFO  compiling computer-science_f4dd477a3a (8 scala sources)[0m
2025.03.02 14:08:11 INFO  Deduplicating compilation of computer-science_f4dd477a3a from bsp client 'scala-cli 1.5.0' (since 7.421s)[0m
2025.03.02 14:08:11 INFO  compiling computer-science_f4dd477a3a (8 scala sources)[0m
2025.03.02 14:08:11 INFO  time: compiled computer-science_f4dd477a3a in 0.21s[0m
2025.03.02 14:08:11 INFO  compiling computer-science_f4dd477a3a (8 scala sources)[0m
2025.03.02 14:08:11 INFO  Deduplicating compilation of computer-science_f4dd477a3a from bsp client 'scala-cli 1.5.0' (since 7.775s)[0m
2025.03.02 14:08:11 INFO  compiling computer-science_f4dd477a3a (8 scala sources)[0m
2025.03.02 14:08:11 INFO  time: compiled computer-science_f4dd477a3a in 0.21s[0m
2025.03.02 14:08:13 INFO  Shutting down server[0m
2025.03.02 14:08:13 INFO  shutting down Metals[0m
2025.03.02 14:08:13 INFO  Shut down connection with build server.[0m
2025.03.02 14:08:13 INFO  BSP server: Mar 02, 2025 2:08:13 PM org.eclipse.lsp4j.jsonrpc.RemoteEndpoint handleNotification[0m
2025.03.02 14:08:13 INFO  Cancelling compilation on scala-cli server[0m
java.util.concurrent.RejectedExecutionException: Task Future(<not completed>) rejected from java.util.concurrent.ThreadPoolExecutor@251876c7[Shutting down, pool size = 3, active threads = 3, queued tasks = 0, completed tasks = 706]
	at java.base/java.util.concurrent.ThreadPoolExecutor$AbortPolicy.rejectedExecution(ThreadPoolExecutor.java:2065)
	at java.base/java.util.concurrent.ThreadPoolExecutor.reject(ThreadPoolExecutor.java:833)
	at java.base/java.util.concurrent.ThreadPoolExecutor.execute(ThreadPoolExecutor.java:1365)
	at scala.concurrent.impl.ExecutionContextImpl.execute(ExecutionContextImpl.scala:21)
	at scala.concurrent.impl.Promise$Transformation.submitWithValue(Promise.scala:429)
	at scala.concurrent.impl.Promise$DefaultPromise.submitWithValue(Promise.scala:338)
	at scala.concurrent.impl.Promise$DefaultPromise.tryComplete0(Promise.scala:285)
	at scala.concurrent.impl.Promise$Transformation.handleFailure(Promise.scala:444)
	at scala.concurrent.impl.Promise$Transformation.submitWithValue(Promise.scala:435)
	at scala.concurrent.impl.Promise$DefaultPromise.submitWithValue(Promise.scala:338)
	at scala.concurrent.impl.Promise$DefaultPromise.tryComplete0(Promise.scala:285)
	at scala.concurrent.impl.Promise$Transformation.handleFailure(Promise.scala:444)
	at scala.concurrent.impl.Promise$Transformation.run(Promise.scala:506)
	at java.base/java.util.concurrent.ThreadPoolExecutor.runWorker(ThreadPoolExecutor.java:1136)
	at java.base/java.util.concurrent.ThreadPoolExecutor$Worker.run(ThreadPoolExecutor.java:635)
	at java.base/java.lang.Thread.run(Thread.java:840)
java.util.concurrent.RejectedExecutionException: Task Future(<not completed>) rejected from java.util.concurrent.ThreadPoolExecutor@251876c7[Shutting down, pool size = 3, active threads = 3, queued tasks = 0, completed tasks = 706]
2025.03.02 14:08:15 INFO  Started: Metals version 1.5.1 in folders '/home/lenny/server/computer-science' for client Neovim 0.10.4+v0.10.4.[0m
2025.03.02 14:08:19 WARN  no build target for: /home/lenny/server/computer-science/11-programming paradigms/hello.scala[0m
2025.03.02 14:08:19 INFO  Shutting down server[0m
2025.03.02 14:08:19 INFO  shutting down Metals[0m
2025.03.02 14:08:19 INFO  no build target found for /home/lenny/server/computer-science/11-programming paradigms/hello.scala. Using presentation compiler with project's scala-library version: 3.3.4[0m
2025.03.02 14:08:19 INFO  no build target found for /home/lenny/server/computer-science/11-programming paradigms/hello.scala. Using presentation compiler with project's scala-library version: 3.3.4[0m
2025.03.02 14:08:19 INFO  Attempting to connect to the build server...[0m
2025.03.02 14:08:19 INFO  Running BSP server List(/usr/bin/scala-cli, bsp, --json-options, /home/lenny/server/computer-science/.scala-build/ide-options-v2.json, --json-launcher-options, /home/lenny/server/computer-science/.scala-build/ide-launcher-options.json, --envs-file, /home/lenny/server/computer-science/.scala-build/ide-envs.json, /home/lenny/server/computer-science)[0m
2025.03.02 14:08:19 INFO  tracing is disabled for protocol BSP, to enable tracing of incoming and outgoing JSON messages create an empty file at /home/lenny/server/computer-science/.metals/bsp.trace.json or /home/lenny/.cache/metals/bsp.trace.json[0m
2025.03.02 14:08:20 INFO  time: Connected to build server in 1.09s[0m
2025.03.02 14:08:20 INFO  Connected to Build server: scala-cli v1.5.0[0m
2025.03.02 14:08:20 INFO  compiling computer-science_f4dd477a3a (8 scala sources)[0m
2025.03.02 14:08:20 INFO  compiling computer-science_f4dd477a3a (8 scala sources)[0m
java.util.concurrent.RejectedExecutionException: Task Future(<not completed>) rejected from java.util.concurrent.ThreadPoolExecutor@2dbaac7f[Shutting down, pool size = 3, active threads = 3, queued tasks = 0, completed tasks = 124]
	at java.base/java.util.concurrent.ThreadPoolExecutor$AbortPolicy.rejectedExecution(ThreadPoolExecutor.java:2065)
	at java.base/java.util.concurrent.ThreadPoolExecutor.reject(ThreadPoolExecutor.java:833)
	at java.base/java.util.concurrent.ThreadPoolExecutor.execute(ThreadPoolExecutor.java:1365)
	at scala.concurrent.impl.ExecutionContextImpl.execute(ExecutionContextImpl.scala:21)
	at scala.concurrent.impl.Promise$Transformation.submitWithValue(Promise.scala:429)
	at scala.concurrent.impl.Promise$DefaultPromise.submitWithValue(Promise.scala:338)
	at scala.concurrent.impl.Promise$DefaultPromise.tryComplete0(Promise.scala:285)
	at scala.concurrent.impl.Promise$Transformation.handleFailure(Promise.scala:444)
	at scala.concurrent.impl.Promise$Transformation.submitWithValue(Promise.scala:435)
	at scala.concurrent.impl.Promise$DefaultPromise.submitWithValue(Promise.scala:338)
	at scala.concurrent.impl.Promise$DefaultPromise.tryComplete0(Promise.scala:285)
	at scala.concurrent.impl.Promise$Transformation.handleFailure(Promise.scala:444)
	at scala.concurrent.impl.Promise$Transformation.run(Promise.scala:506)
	at java.base/java.util.concurrent.ThreadPoolExecutor.runWorker(ThreadPoolExecutor.java:1136)
	at java.base/java.util.concurrent.ThreadPoolExecutor$Worker.run(ThreadPoolExecutor.java:635)
	at java.base/java.lang.Thread.run(Thread.java:840)
2025.03.02 14:08:22 INFO  running doctor check[0m
2025.03.02 14:08:22 INFO  java targets: computer-science_f4dd477a3a-test, computer-science_f4dd477a3a[0m
2025.03.02 14:08:22 ERROR Failed to resolve Scala 3 presentation compiler for 3.5.0
java.util.concurrent.RejectedExecutionException: Task Future(<not completed>) rejected from java.util.concurrent.ThreadPoolExecutor@2dbaac7f[Shutting down, pool size = 2, active threads = 2, queued tasks = 0, completed tasks = 125]
	at java.util.concurrent.ThreadPoolExecutor$AbortPolicy.rejectedExecution(ThreadPoolExecutor.java:2065)
	at java.util.concurrent.ThreadPoolExecutor.reject(ThreadPoolExecutor.java:833)
	at java.util.concurrent.ThreadPoolExecutor.execute(ThreadPoolExecutor.java:1365)
	at scala.concurrent.impl.ExecutionContextImpl.execute(ExecutionContextImpl.scala:21)
	at scala.concurrent.impl.Promise$Transformation.submitWithValue(Promise.scala:429)
	at scala.concurrent.impl.Promise$DefaultPromise.submitWithValue(Promise.scala:338)
	at scala.concurrent.impl.Promise$DefaultPromise.dispatchOrAddCallbacks(Promise.scala:312)
	at scala.concurrent.impl.Promise$DefaultPromise.map(Promise.scala:182)
	at scala.concurrent.Future$.apply(Future.scala:687)
	at scala.meta.internal.metals.MtagsResolver$Default.fetch$1(MtagsResolver.scala:159)
	at scala.meta.internal.metals.MtagsResolver$Default.fetch$1(MtagsResolver.scala:178)
	at scala.meta.internal.metals.MtagsResolver$Default.fetch$1(MtagsResolver.scala:178)
	at scala.meta.internal.metals.MtagsResolver$Default.fetch$1(MtagsResolver.scala:178)
	at scala.meta.internal.metals.MtagsResolver$Default.fetch$1(MtagsResolver.scala:178)
	at scala.meta.internal.metals.MtagsResolver$Default.fetch$1(MtagsResolver.scala:178)
	at scala.meta.internal.metals.MtagsResolver$Default.$anonfun$resolve$8(MtagsResolver.scala:221)
	at java.util.concurrent.ConcurrentHashMap.compute(ConcurrentHashMap.java:1916)
	at scala.meta.internal.metals.MtagsResolver$Default.resolve(MtagsResolver.scala:219)
	at scala.meta.internal.metals.MtagsResolver$Default.resolve(MtagsResolver.scala:120)
	at scala.meta.internal.metals.MtagsResolver.isSupportedScalaVersion(MtagsResolver.scala:32)
	at scala.meta.internal.metals.MtagsResolver.isSupportedScalaVersion$(MtagsResolver.scala:29)
	at scala.meta.internal.metals.MtagsResolver$Default.isSupportedScalaVersion(MtagsResolver.scala:101)
	at scala.meta.internal.metals.doctor.ProblemResolver.isSupportedScalaVersion$1(ProblemResolver.scala:199)
	at scala.meta.internal.metals.doctor.ProblemResolver.findProblem(ProblemResolver.scala:203)
	at scala.meta.internal.metals.doctor.ProblemResolver.$anonfun$problemMessage$1(ProblemResolver.scala:67)
	at scala.collection.immutable.List.flatMap(List.scala:294)
	at scala.meta.internal.metals.doctor.ProblemResolver.problemMessage(ProblemResolver.scala:66)
	at scala.meta.internal.metals.doctor.Doctor.check(Doctor.scala:113)
	at scala.meta.internal.metals.MetalsLspService.check(MetalsLspService.scala:1560)
	at scala.meta.internal.metals.ProjectMetalsLspService.check(ProjectMetalsLspService.scala:801)
	at scala.meta.internal.metals.ProjectMetalsLspService.$anonfun$connectionProvider$1(ProjectMetalsLspService.scala:163)
	at scala.meta.internal.metals.Indexer.$anonfun$indexWorkspace$10(Indexer.scala:144)
	at scala.runtime.java8.JFunction0$mcV$sp.apply(JFunction0$mcV$sp.scala:18)
	at scala.meta.internal.metals.TimerProvider.timedThunk(TimerProvider.scala:25)
	at scala.meta.internal.metals.Indexer.indexWorkspace(Indexer.scala:144)
	at scala.meta.internal.metals.Indexer.$anonfun$profiledIndexWorkspace$2(Indexer.scala:57)
	at scala.runtime.java8.JFunction0$mcV$sp.apply(JFunction0$mcV$sp.scala:18)
	at scala.meta.internal.metals.TimerProvider.timedThunk(TimerProvider.scala:25)
	at scala.meta.internal.metals.Indexer.$anonfun$profiledIndexWorkspace$1(Indexer.scala:57)
	at scala.runtime.java8.JFunction0$mcV$sp.apply(JFunction0$mcV$sp.scala:18)
	at scala.concurrent.Future$.$anonfun$apply$1(Future.scala:687)
	at scala.concurrent.impl.Promise$Transformation.run(Promise.scala:467)
	at java.util.concurrent.ThreadPoolExecutor.runWorker(ThreadPoolExecutor.java:1136)
	at java.util.concurrent.ThreadPoolExecutor$Worker.run(ThreadPoolExecutor.java:635)
	at java.lang.Thread.run(Thread.java:840)
[0m
2025.03.02 14:08:35 INFO  Started: Metals version 1.5.1 in folders '/home/lenny/server/computer-science' for client Neovim 0.10.4+v0.10.4.[0m
2025.03.02 14:08:36 INFO  no build target found for /home/lenny/server/computer-science/11-programming paradigms/hello.scala. Using presentation compiler with project's scala-library version: 3.3.4[0m
2025.03.02 14:08:36 INFO  Attempting to connect to the build server...[0m
2025.03.02 14:08:36 INFO  Running BSP server List(/usr/bin/scala-cli, bsp, --json-options, /home/lenny/server/computer-science/.scala-build/ide-options-v2.json, --json-launcher-options, /home/lenny/server/computer-science/.scala-build/ide-launcher-options.json, --envs-file, /home/lenny/server/computer-science/.scala-build/ide-envs.json, /home/lenny/server/computer-science)[0m
2025.03.02 14:08:35 INFO  no build target found for /home/lenny/server/computer-science/11-programming paradigms/hello.scala. Using presentation compiler with project's scala-library version: 3.3.4[0m
2025.03.02 14:08:36 INFO  tracing is disabled for protocol BSP, to enable tracing of incoming and outgoing JSON messages create an empty file at /home/lenny/server/computer-science/.metals/bsp.trace.json or /home/lenny/.cache/metals/bsp.trace.json[0m
2025.03.02 14:08:36 INFO  time: Connected to build server in 0.58s[0m
2025.03.02 14:08:36 INFO  Connected to Build server: scala-cli v1.5.0[0m
Mar 02, 2025 2:08:36 PM org.eclipse.lsp4j.jsonrpc.RemoteEndpoint handleCancellation
WARNING: Unmatched cancel notification for request id 2
2025.03.02 14:08:36 INFO  no build target found for /home/lenny/server/computer-science/11-programming paradigms/hello.scala. Using presentation compiler with project's scala-library version: 3.5.0[0m
2025.03.02 14:08:36 INFO  running doctor check[0m
2025.03.02 14:08:36 INFO  java targets: computer-science_f4dd477a3a-test, computer-science_f4dd477a3a[0m
2025.03.02 14:08:36 INFO  compiling computer-science_f4dd477a3a (8 scala sources)[0m
2025.03.02 14:08:37 INFO  time: compiled computer-science_f4dd477a3a in 0.45s[0m
2025.03.02 14:08:37 INFO  compiling computer-science_f4dd477a3a (8 scala sources)[0m
2025.03.02 14:08:37 INFO  time: compiled computer-science_f4dd477a3a in 0.45s[0m
2025.03.02 14:08:38 WARN  Could not find semantic tokens for: file:///home/lenny/server/computer-science/11-programming%20paradigms/hello.scala[0m
2025.03.02 14:08:38 WARN  Could not find java sources in /usr/lib/jvm/src.zip, /usr/lib/jvm/lib/src.zip, /usr/lib/jvm/java-17-openjdk/src.zip, /usr/lib/jvm/java-17-openjdk/lib/src.zip. Java symbols will not be available.[0m
2025.03.02 14:08:38 WARN  Could not find java sources in /usr/lib/jvm/src.zip, /usr/lib/jvm/lib/src.zip, /usr/lib/jvm/java-17-openjdk/src.zip, /usr/lib/jvm/java-17-openjdk/lib/src.zip. Java symbols will not be available.[0m
2025.03.02 14:08:38 INFO  time: indexed workspace in 2.17s[0m
2025.03.02 14:08:39 INFO  compiling computer-science_f4dd477a3a (8 scala sources)[0m
2025.03.02 14:08:39 INFO  time: compiled computer-science_f4dd477a3a in 0.34s[0m
2025.03.02 14:08:39 INFO  compiling computer-science_f4dd477a3a (8 scala sources)[0m
2025.03.02 14:08:39 INFO  time: compiled computer-science_f4dd477a3a in 0.32s[0m
2025.03.02 14:08:45 INFO  compiling computer-science_f4dd477a3a (8 scala sources)[0m
2025.03.02 14:08:45 INFO  Deduplicating compilation of computer-science_f4dd477a3a from bsp client 'scala-cli 1.5.0' (since 8.544s)[0m
2025.03.02 14:08:45 INFO  compiling computer-science_f4dd477a3a (8 scala sources)[0m
2025.03.02 14:08:45 INFO  time: compiled computer-science_f4dd477a3a in 0.15s[0m
2025.03.02 14:08:45 INFO  compiling computer-science_f4dd477a3a (8 scala sources)[0m
2025.03.02 14:08:45 INFO  Deduplicating compilation of computer-science_f4dd477a3a from bsp client 'scala-cli 1.5.0' (since 8.822s)[0m
2025.03.02 14:08:45 INFO  compiling computer-science_f4dd477a3a (8 scala sources)[0m
2025.03.02 14:08:45 INFO  time: compiled computer-science_f4dd477a3a in 0.15s[0m
2025.03.02 14:08:49 INFO  compiling computer-science_f4dd477a3a (8 scala sources)[0m
2025.03.02 14:08:49 INFO  Deduplicating compilation of computer-science_f4dd477a3a from bsp client 'scala-cli 1.5.0' (since 13.183s)[0m
2025.03.02 14:08:49 INFO  compiling computer-science_f4dd477a3a (8 scala sources)[0m
2025.03.02 14:08:49 INFO  time: compiled computer-science_f4dd477a3a in 97ms[0m
2025.03.02 14:08:49 INFO  compiling computer-science_f4dd477a3a (8 scala sources)[0m
2025.03.02 14:08:49 INFO  Deduplicating compilation of computer-science_f4dd477a3a from bsp client 'scala-cli 1.5.0' (since 13.414s)[0m
2025.03.02 14:08:49 INFO  compiling computer-science_f4dd477a3a (8 scala sources)[0m
2025.03.02 14:08:49 INFO  time: compiled computer-science_f4dd477a3a in 0.14s[0m
2025.03.02 14:08:51 INFO  Shutting down server[0m
2025.03.02 14:08:51 INFO  shutting down Metals[0m
2025.03.02 14:08:51 INFO  Shut down connection with build server.[0m
2025.03.02 14:08:51 INFO  BSP server: Mar 02, 2025 2:08:51 PM org.eclipse.lsp4j.jsonrpc.RemoteEndpoint handleNotification[0m
2025.03.02 14:08:51 INFO  BSP server: WARNING: Notification threw an exception: {[0m
2025.03.02 14:08:51 INFO  BSP server:   "jsonrpc": "2.0",[0m
2025.03.02 14:08:51 INFO  BSP server:   "method": "build/exit",[0m
2025.03.02 14:08:51 INFO  BSP server:   "params": null[0m
2025.03.02 14:08:51 INFO  BSP server: }[0m
2025.03.02 14:08:51 INFO  BSP server: java.lang.RuntimeException: java.lang.reflect.InvocationTargetException[0m
2025.03.02 14:08:51 INFO  BSP server: 	at org.eclipse.lsp4j.jsonrpc.services.GenericEndpoint.lambda$null$0(GenericEndpoint.java:67)[0m
2025.03.02 14:08:51 INFO  BSP server: 	at org.eclipse.lsp4j.jsonrpc.services.GenericEndpoint.notify(GenericEndpoint.java:152)[0m
2025.03.02 14:08:51 INFO  BSP server: 	at org.eclipse.lsp4j.jsonrpc.RemoteEndpoint.handleNotification(RemoteEndpoint.java:220)[0m
2025.03.02 14:08:51 INFO  BSP server: 	at org.eclipse.lsp4j.jsonrpc.RemoteEndpoint.consume(RemoteEndpoint.java:187)[0m
2025.03.02 14:08:51 INFO  BSP server: 	at org.eclipse.lsp4j.jsonrpc.json.StreamMessageProducer.handleMessage(StreamMessageProducer.java:194)[0m
2025.03.02 14:08:51 INFO  BSP server: 	at org.eclipse.lsp4j.jsonrpc.json.StreamMessageProducer.listen(StreamMessageProducer.java:94)[0m
2025.03.02 14:08:51 INFO  BSP server: 	at org.eclipse.lsp4j.jsonrpc.json.ConcurrentMessageProcessor.run(ConcurrentMessageProcessor.java:113)[0m
2025.03.02 14:08:51 INFO  BSP server: 	at java.base@17.0.6/java.util.concurrent.Executors$RunnableAdapter.call(Executors.java:539)[0m
2025.03.02 14:08:51 INFO  BSP server: 	at java.base@17.0.6/java.util.concurrent.FutureTask.run(FutureTask.java:264)[0m
2025.03.02 14:08:51 INFO  BSP server: 	at java.base@17.0.6/java.util.concurrent.ThreadPoolExecutor.runWorker(ThreadPoolExecutor.java:1136)[0m
2025.03.02 14:08:51 INFO  BSP server: 	at java.base@17.0.6/java.util.concurrent.ThreadPoolExecutor$Worker.run(ThreadPoolExecutor.java:635)[0m
2025.03.02 14:08:51 INFO  BSP server: 	at java.base@17.0.6/java.lang.Thread.run(Thread.java:833)[0m
2025.03.02 14:08:51 INFO  BSP server: 	at com.oracle.svm.core.thread.PlatformThreads.threadStartRoutine(PlatformThreads.java:775)[0m
2025.03.02 14:08:51 INFO  BSP server: 	at com.oracle.svm.core.posix.thread.PosixPlatformThreads.pthreadStartRoutine(PosixPlatformThreads.java:203)[0m
2025.03.02 14:08:51 INFO  BSP server: Caused by: java.lang.reflect.InvocationTargetException[0m
2025.03.02 14:08:51 INFO  BSP server: 	at java.base@17.0.6/java.lang.reflect.Method.invoke(Method.java:568)[0m
2025.03.02 14:08:51 INFO  BSP server: 	at org.eclipse.lsp4j.jsonrpc.services.GenericEndpoint.lambda$null$0(GenericEndpoint.java:65)[0m
2025.03.02 14:08:51 INFO  BSP server: 	... 13 more[0m
2025.03.02 14:08:51 INFO  BSP server: Caused by: java.lang.RuntimeException: BSP server not initialized yet[0m
2025.03.02 14:08:51 INFO  BSP server: 	at scala.sys.package$.error(package.scala:27)[0m
2025.03.02 14:08:51 INFO  BSP server: 	at scala.build.bsp.BloopSession$Reference.get(BloopSession.scala:70)[0m
2025.03.02 14:08:51 INFO  BSP server: 	at scala.build.bsp.BspImpl.$anonfun$11(BspImpl.scala:474)[0m
2025.03.02 14:08:51 INFO  BSP server: 	at scala.build.bsp.BuildServerProxy.onBuildExit(BuildServerProxy.scala:29)[0m
2025.03.02 14:08:51 INFO  BSP server: 	... 15 more[0m
2025.03.02 14:08:51 INFO  BSP server: [0m
2025.03.02 14:08:51 INFO  Cancelling compilation on scala-cli server[0m
java.util.concurrent.RejectedExecutionException: Task Future(<not completed>) rejected from java.util.concurrent.ThreadPoolExecutor@3f97f70[Shutting down, pool size = 1, active threads = 1, queued tasks = 0, completed tasks = 1070]
	at java.base/java.util.concurrent.ThreadPoolExecutor$AbortPolicy.rejectedExecution(ThreadPoolExecutor.java:2065)
	at java.base/java.util.concurrent.ThreadPoolExecutor.reject(ThreadPoolExecutor.java:833)
	at java.base/java.util.concurrent.ThreadPoolExecutor.execute(ThreadPoolExecutor.java:1365)
	at scala.concurrent.impl.ExecutionContextImpl.execute(ExecutionContextImpl.scala:21)
	at scala.concurrent.impl.Promise$Transformation.submitWithValue(Promise.scala:429)
	at scala.concurrent.impl.Promise$DefaultPromise.submitWithValue(Promise.scala:338)
	at scala.concurrent.impl.Promise$DefaultPromise.tryComplete0(Promise.scala:285)
	at scala.concurrent.impl.Promise$DefaultPromise.linkRootOf(Promise.scala:347)
	at scala.concurrent.impl.Promise$Transformation.run(Promise.scala:492)
	at java.base/java.util.concurrent.ThreadPoolExecutor.runWorker(ThreadPoolExecutor.java:1136)
	at java.base/java.util.concurrent.ThreadPoolExecutor$Worker.run(ThreadPoolExecutor.java:635)
	at java.base/java.lang.Thread.run(Thread.java:840)
2025.03.02 14:21:06 INFO  Started: Metals version 1.5.1 in folders '/home/lenny/server/computer-science' for client Neovim 0.10.4+v0.10.4.[0m
2025.03.02 14:21:11 INFO  no build target found for /home/lenny/server/computer-science/11-programming paradigms/textbooks/chapter-2/helloarg.scala. Using presentation compiler with project's scala-library version: 3.3.4[0m
2025.03.02 14:21:11 INFO  Attempting to connect to the build server...[0m
2025.03.02 14:21:11 INFO  Running BSP server List(/usr/bin/scala-cli, bsp, --json-options, /home/lenny/server/computer-science/.scala-build/ide-options-v2.json, --json-launcher-options, /home/lenny/server/computer-science/.scala-build/ide-launcher-options.json, --envs-file, /home/lenny/server/computer-science/.scala-build/ide-envs.json, /home/lenny/server/computer-science)[0m
2025.03.02 14:21:11 INFO  tracing is disabled for protocol BSP, to enable tracing of incoming and outgoing JSON messages create an empty file at /home/lenny/server/computer-science/.metals/bsp.trace.json or /home/lenny/.cache/metals/bsp.trace.json[0m
2025.03.02 14:21:11 INFO  time: Connected to build server in 0.65s[0m
2025.03.02 14:21:11 INFO  Connected to Build server: scala-cli v1.5.0[0m
2025.03.02 14:21:11 INFO  running doctor check[0m
2025.03.02 14:21:11 INFO  java targets: computer-science_f4dd477a3a-test, computer-science_f4dd477a3a[0m
2025.03.02 14:21:11 INFO  compiling computer-science_f4dd477a3a (8 scala sources)[0m
2025.03.02 14:21:12 INFO  time: compiled computer-science_f4dd477a3a in 0.48s[0m
2025.03.02 14:21:12 INFO  compiling computer-science_f4dd477a3a (8 scala sources)[0m
2025.03.02 14:21:12 INFO  time: compiled computer-science_f4dd477a3a in 0.37s[0m
2025.03.02 14:21:13 WARN  Could not find semantic tokens for: file:///home/lenny/server/computer-science/11-programming%20paradigms/textbooks/chapter-2/helloarg.scala[0m
2025.03.02 14:21:14 WARN  Could not find java sources in /usr/lib/jvm/src.zip, /usr/lib/jvm/lib/src.zip, /usr/lib/jvm/java-17-openjdk/src.zip, /usr/lib/jvm/java-17-openjdk/lib/src.zip. Java symbols will not be available.[0m
2025.03.02 14:21:14 WARN  Could not find java sources in /usr/lib/jvm/src.zip, /usr/lib/jvm/lib/src.zip, /usr/lib/jvm/java-17-openjdk/src.zip, /usr/lib/jvm/java-17-openjdk/lib/src.zip. Java symbols will not be available.[0m
2025.03.02 14:21:14 INFO  time: indexed workspace in 2.14s[0m
2025.03.02 14:21:14 INFO  compiling computer-science_f4dd477a3a (8 scala sources)[0m
2025.03.02 14:21:14 INFO  time: compiled computer-science_f4dd477a3a in 0.24s[0m
2025.03.02 14:21:14 INFO  compiling computer-science_f4dd477a3a (8 scala sources)[0m
2025.03.02 14:21:14 INFO  time: compiled computer-science_f4dd477a3a in 0.21s[0m
2025.03.02 14:21:15 WARN  Could not find semantic tokens for: file:///home/lenny/server/computer-science/11-programming%20paradigms/textbooks/chapter-2/helloarg.scala[0m
2025.03.02 14:21:15 INFO  Shutting down server[0m
2025.03.02 14:21:15 INFO  shutting down Metals[0m
2025.03.02 14:21:15 INFO  Shut down connection with build server.[0m
2025.03.02 14:21:26 INFO  Started: Metals version 1.5.1 in folders '/home/lenny/server/computer-science' for client Neovim 0.10.4+v0.10.4.[0m
2025.03.02 14:21:27 INFO  no build target found for /home/lenny/server/computer-science/11-programming paradigms/textbooks/chapter-2/helloarg.scala. Using presentation compiler with project's scala-library version: 3.3.4[0m
2025.03.02 14:21:28 INFO  Attempting to connect to the build server...[0m
2025.03.02 14:21:28 INFO  Running BSP server List(/usr/bin/scala-cli, bsp, --json-options, /home/lenny/server/computer-science/.scala-build/ide-options-v2.json, --json-launcher-options, /home/lenny/server/computer-science/.scala-build/ide-launcher-options.json, --envs-file, /home/lenny/server/computer-science/.scala-build/ide-envs.json, /home/lenny/server/computer-science)[0m
2025.03.02 14:21:28 INFO  tracing is disabled for protocol BSP, to enable tracing of incoming and outgoing JSON messages create an empty file at /home/lenny/server/computer-science/.metals/bsp.trace.json or /home/lenny/.cache/metals/bsp.trace.json[0m
2025.03.02 14:21:28 INFO  time: Connected to build server in 0.59s[0m
2025.03.02 14:21:28 INFO  Connected to Build server: scala-cli v1.5.0[0m
2025.03.02 14:21:28 INFO  compiling computer-science_f4dd477a3a (8 scala sources)[0m
2025.03.02 14:21:28 INFO  compiling computer-science_f4dd477a3a (8 scala sources)[0m
2025.03.02 14:21:29 INFO  no build target found for /home/lenny/server/computer-science/11-programming paradigms/textbooks/chapter-2/helloarg.scala. Using presentation compiler with project's scala-library version: 3.3.4[0m
2025.03.02 14:21:29 WARN  no build target for: /home/lenny/server/computer-science/11-programming paradigms/textbooks/chapter-2/helloarg.scala[0m
2025.03.02 14:21:29 INFO  no build target found for /home/lenny/server/computer-science/11-programming paradigms/textbooks/chapter-2/helloarg.scala. Using presentation compiler with project's scala-library version: 3.3.4[0m
2025.03.02 14:21:29 INFO  no build target found for /home/lenny/server/computer-science/11-programming paradigms/textbooks/chapter-2/helloarg.scala. Using presentation compiler with project's scala-library version: 3.3.4[0m
2025.03.02 14:21:29 INFO  compiling computer-science_f4dd477a3a (8 scala sources)[0m
2025.03.02 14:21:29 INFO  compiling computer-science_f4dd477a3a (8 scala sources)[0m
2025.03.02 14:21:33 INFO  running doctor check[0m
2025.03.02 14:21:33 INFO  java targets: computer-science_f4dd477a3a-test, computer-science_f4dd477a3a[0m
2025.03.02 14:21:33 INFO  Shutting down server[0m
2025.03.02 14:21:33 INFO  shutting down Metals[0m
2025.03.02 14:21:33 INFO  Shut down connection with build server.[0m
2025.03.02 14:21:33 INFO  BSP server: Mar 02, 2025 2:21:33 PM org.eclipse.lsp4j.jsonrpc.RemoteEndpoint handleNotification[0m
2025.03.02 14:21:33 INFO  BSP server: WARNING: Notification threw an exception: {[0m
2025.03.02 14:21:33 INFO  BSP server:   "jsonrpc": "2.0",[0m
2025.03.02 14:21:33 INFO  BSP server:   "method": "build/exit",[0m
2025.03.02 14:21:33 INFO  BSP server:   "params": null[0m
2025.03.02 14:21:33 INFO  BSP server: }[0m
2025.03.02 14:21:33 INFO  BSP server: java.lang.RuntimeException: java.lang.reflect.InvocationTargetException[0m
2025.03.02 14:21:33 INFO  BSP server: 	at org.eclipse.lsp4j.jsonrpc.services.GenericEndpoint.lambda$null$0(GenericEndpoint.java:67)[0m
2025.03.02 14:21:33 INFO  BSP server: 	at org.eclipse.lsp4j.jsonrpc.services.GenericEndpoint.notify(GenericEndpoint.java:152)[0m
2025.03.02 14:21:33 INFO  BSP server: 	at org.eclipse.lsp4j.jsonrpc.RemoteEndpoint.handleNotification(RemoteEndpoint.java:220)[0m
2025.03.02 14:21:33 INFO  BSP server: 	at org.eclipse.lsp4j.jsonrpc.RemoteEndpoint.consume(RemoteEndpoint.java:187)[0m
2025.03.02 14:21:33 INFO  BSP server: 	at org.eclipse.lsp4j.jsonrpc.json.StreamMessageProducer.handleMessage(StreamMessageProducer.java:194)[0m
2025.03.02 14:21:33 INFO  BSP server: 	at org.eclipse.lsp4j.jsonrpc.json.StreamMessageProducer.listen(StreamMessageProducer.java:94)[0m
2025.03.02 14:21:33 INFO  BSP server: 	at org.eclipse.lsp4j.jsonrpc.json.ConcurrentMessageProcessor.run(ConcurrentMessageProcessor.java:113)[0m
2025.03.02 14:21:33 INFO  BSP server: 	at java.base@17.0.6/java.util.concurrent.Executors$RunnableAdapter.call(Executors.java:539)[0m
2025.03.02 14:21:33 INFO  BSP server: 	at java.base@17.0.6/java.util.concurrent.FutureTask.run(FutureTask.java:264)[0m
2025.03.02 14:21:33 INFO  BSP server: 	at java.base@17.0.6/java.util.concurrent.ThreadPoolExecutor.runWorker(ThreadPoolExecutor.java:1136)[0m
2025.03.02 14:21:33 INFO  BSP server: 	at java.base@17.0.6/java.util.concurrent.ThreadPoolExecutor$Worker.run(ThreadPoolExecutor.java:635)[0m
2025.03.02 14:21:33 INFO  BSP server: 	at java.base@17.0.6/java.lang.Thread.run(Thread.java:833)[0m
2025.03.02 14:21:33 INFO  BSP server: 	at com.oracle.svm.core.thread.PlatformThreads.threadStartRoutine(PlatformThreads.java:775)[0m
2025.03.02 14:21:33 INFO  BSP server: 	at com.oracle.svm.core.posix.thread.PosixPlatformThreads.pthreadStartRoutine(PosixPlatformThreads.java:203)[0m
2025.03.02 14:21:33 INFO  BSP server: Caused by: java.lang.reflect.InvocationTargetException[0m
2025.03.02 14:21:33 INFO  BSP server: 	at java.base@17.0.6/java.lang.reflect.Method.invoke(Method.java:568)[0m
2025.03.02 14:21:33 INFO  BSP server: 	at org.eclipse.lsp4j.jsonrpc.services.GenericEndpoint.lambda$null$0(GenericEndpoint.java:65)[0m
2025.03.02 14:21:33 INFO  BSP server: 	... 13 more[0m
2025.03.02 14:21:33 INFO  BSP server: Caused by: java.lang.RuntimeException: BSP server not initialized yet[0m
2025.03.02 14:21:33 INFO  BSP server: 	at scala.sys.package$.error(package.scala:27)[0m
java.util.concurrent.RejectedExecutionException: Task Future(<not completed>) rejected from java.util.concurrent.ThreadPoolExecutor@42a42b2d[Shutting down, pool size = 1, active threads = 1, queued tasks = 0, completed tasks = 166]
